This file contains any messages produced by compilers while
running configure, to aid debugging if configure makes a mistake.

It was created by Gridlab-D configure 2.3.0.4392M, which was
generated by GNU Autoconf 2.69.  Invocation command line was

  $ ./configure 

## --------- ##
## Platform. ##
## --------- ##

hostname = ShelarKaCompu
uname -m = x86_64
uname -r = 15.0.0
uname -s = Darwin
uname -v = Darwin Kernel Version 15.0.0: Sat Sep 19 15:53:46 PDT 2015; root:xnu-3247.10.11~1/RELEASE_X86_64

/usr/bin/uname -p = i386
/bin/uname -X     = unknown

/bin/arch              = unknown
/usr/bin/arch -k       = unknown
/usr/convex/getsysinfo = unknown
/usr/bin/hostinfo      = Mach kernel version:
	 Darwin Kernel Version 15.0.0: Sat Sep 19 15:53:46 PDT 2015; root:xnu-3247.10.11~1/RELEASE_X86_64
Kernel configured for up to 8 processors.
4 processors are physically available.
8 processors are logically available.
Processor type: i486 (Intel 80486)
Processors active: 0 1 2 3 4 5 6 7
Primary memory available: 8.00 gigabytes
Default processor set: 260 tasks, 1374 threads, 8 processors
Load average: 1.73, Mach factor: 6.25
/bin/machine           = unknown
/usr/bin/oslevel       = unknown
/bin/universe          = unknown

PATH: /Library/TeX/texbin
PATH: /opt/local/bin
PATH: /opt/local/sbin
PATH: /opt/local/bin
PATH: /opt/local/sbin
PATH: //anaconda/bin
PATH: /usr/local/pcre/bin
PATH: /Library/Frameworks/Python.framework/Versions/2.7/bin
PATH: /opt/local/bin
PATH: /opt/local/sbin
PATH: /Users/devendrashelar7/anaconda/bin
PATH: /opt/local/bin
PATH: /opt/local/sbin
PATH: /opt/local/bin
PATH: /opt/local/sbin
PATH: /usr/bin
PATH: /bin
PATH: /usr/sbin
PATH: /sbin
PATH: /usr/local/bin
PATH: /usr/texbin
PATH: /Users/anaconda/bin
PATH: /Applications/Julia-0.2.0.app/Contents/Resources/julia/bin
PATH: /opt/local/Library/Frameworks/Python.framework/Versions/2.5/bin/


## ----------- ##
## Core tests. ##
## ----------- ##

configure:2564: checking for a BSD-compatible install
configure:2632: result: /opt/local/bin/ginstall -c
configure:2643: checking whether build environment is sane
configure:2698: result: yes
configure:2849: checking for a thread-safe mkdir -p
configure:2888: result: /opt/local/bin/gmkdir -p
configure:2895: checking for gawk
configure:2911: found /opt/local/bin/gawk
configure:2922: result: gawk
configure:2933: checking whether make sets $(MAKE)
configure:2955: result: yes
configure:2984: checking whether make supports nested variables
configure:3001: result: yes
configure:3164: checking build system type
configure:3178: result: x86_64-apple-darwin15.0.0
configure:3198: checking host system type
configure:3211: result: x86_64-apple-darwin15.0.0
configure:3987: checking for g++
configure:4003: found /opt/local/bin/g++
configure:4014: result: g++
configure:4041: checking for C++ compiler version
configure:4050: g++ --version >&5
g++ (MacPorts gcc47 4.7.4_5) 4.7.4
Copyright (C) 2012 Free Software Foundation, Inc.
This is free software; see the source for copying conditions.  There is NO
warranty; not even for MERCHANTABILITY or FITNESS FOR A PARTICULAR PURPOSE.

configure:4061: $? = 0
configure:4050: g++ -v >&5
Using built-in specs.
COLLECT_GCC=g++
COLLECT_LTO_WRAPPER=/opt/local/libexec/gcc/x86_64-apple-darwin15/4.7.4/lto-wrapper
Target: x86_64-apple-darwin15
Configured with: /opt/local/var/macports/build/_opt_local_var_macports_sources_rsync.macports.org_release_tarballs_ports_lang_gcc47/gcc47/work/gcc-4.7.4/configure --prefix=/opt/local --build=x86_64-apple-darwin15 --enable-languages=c,c++,objc,obj-c++,lto,fortran,java --libdir=/opt/local/lib/gcc47 --includedir=/opt/local/include/gcc47 --infodir=/opt/local/share/info --mandir=/opt/local/share/man --datarootdir=/opt/local/share/gcc-4.7 --with-libiconv-prefix=/opt/local --with-local-prefix=/opt/local --with-system-zlib --disable-nls --program-suffix=-mp-4.7 --with-gxx-include-dir=/opt/local/include/gcc47/c++/ --with-gmp=/opt/local --with-mpfr=/opt/local --with-mpc=/opt/local --with-ppl=/opt/local --with-cloog=/opt/local --enable-cloog-backend=isl --disable-cloog-version-check --enable-stage1-checking --disable-multilib --enable-lto --enable-libstdcxx-time --with-as=/opt/local/bin/as --with-ld=/opt/local/bin/ld --with-ar=/opt/local/bin/ar --with-bugurl=https://trac.macports.org/newticket --disable-ppl-version-check --with-pkgversion='MacPorts gcc47 4.7.4_5'
Thread model: posix
gcc version 4.7.4 (MacPorts gcc47 4.7.4_5) 
configure:4061: $? = 0
configure:4050: g++ -V >&5
g++: error: unrecognized command line option '-V'
g++: fatal error: no input files
compilation terminated.
configure:4061: $? = 1
configure:4050: g++ -qversion >&5
g++: error: unrecognized command line option '-qversion'
g++: fatal error: no input files
compilation terminated.
configure:4061: $? = 1
configure:4081: checking whether the C++ compiler works
configure:4103: g++   -I/Users/devendrashelar7/workspace/electricDistributionSystems/gridlabd/core -g -O0    -I/Users/devendrashelar7/workspace/electricDistributionSystems/gridlabd/core -g -O0   conftest.cpp  >&5
configure:4107: $? = 0
configure:4155: result: yes
configure:4158: checking for C++ compiler default output file name
configure:4160: result: a.out
configure:4166: checking for suffix of executables
configure:4173: g++ -o conftest   -I/Users/devendrashelar7/workspace/electricDistributionSystems/gridlabd/core -g -O0    -I/Users/devendrashelar7/workspace/electricDistributionSystems/gridlabd/core -g -O0   conftest.cpp  >&5
configure:4177: $? = 0
configure:4199: result: 
configure:4221: checking whether we are cross compiling
configure:4229: g++ -o conftest   -I/Users/devendrashelar7/workspace/electricDistributionSystems/gridlabd/core -g -O0    -I/Users/devendrashelar7/workspace/electricDistributionSystems/gridlabd/core -g -O0   conftest.cpp  >&5
configure:4233: $? = 0
configure:4240: ./conftest
configure:4244: $? = 0
configure:4259: result: no
configure:4264: checking for suffix of object files
configure:4286: g++ -c   -I/Users/devendrashelar7/workspace/electricDistributionSystems/gridlabd/core -g -O0    -I/Users/devendrashelar7/workspace/electricDistributionSystems/gridlabd/core -g -O0  conftest.cpp >&5
configure:4290: $? = 0
configure:4311: result: o
configure:4315: checking whether we are using the GNU C++ compiler
configure:4334: g++ -c   -I/Users/devendrashelar7/workspace/electricDistributionSystems/gridlabd/core -g -O0    -I/Users/devendrashelar7/workspace/electricDistributionSystems/gridlabd/core -g -O0  conftest.cpp >&5
configure:4334: $? = 0
configure:4343: result: yes
configure:4352: checking whether g++ accepts -g
configure:4372: g++ -c -g   -I/Users/devendrashelar7/workspace/electricDistributionSystems/gridlabd/core -g -O0  conftest.cpp >&5
configure:4372: $? = 0
configure:4413: result: yes
configure:4447: checking for style of include used by make
configure:4475: result: GNU
configure:4501: checking dependency style of g++
configure:4612: result: gcc3
configure:4675: checking for gcc
configure:4691: found /opt/local/bin/gcc
configure:4702: result: gcc
configure:4931: checking for C compiler version
configure:4940: gcc --version >&5
gcc (MacPorts gcc47 4.7.4_5) 4.7.4
Copyright (C) 2012 Free Software Foundation, Inc.
This is free software; see the source for copying conditions.  There is NO
warranty; not even for MERCHANTABILITY or FITNESS FOR A PARTICULAR PURPOSE.

configure:4951: $? = 0
configure:4940: gcc -v >&5
Using built-in specs.
COLLECT_GCC=gcc
COLLECT_LTO_WRAPPER=/opt/local/libexec/gcc/x86_64-apple-darwin15/4.7.4/lto-wrapper
Target: x86_64-apple-darwin15
Configured with: /opt/local/var/macports/build/_opt_local_var_macports_sources_rsync.macports.org_release_tarballs_ports_lang_gcc47/gcc47/work/gcc-4.7.4/configure --prefix=/opt/local --build=x86_64-apple-darwin15 --enable-languages=c,c++,objc,obj-c++,lto,fortran,java --libdir=/opt/local/lib/gcc47 --includedir=/opt/local/include/gcc47 --infodir=/opt/local/share/info --mandir=/opt/local/share/man --datarootdir=/opt/local/share/gcc-4.7 --with-libiconv-prefix=/opt/local --with-local-prefix=/opt/local --with-system-zlib --disable-nls --program-suffix=-mp-4.7 --with-gxx-include-dir=/opt/local/include/gcc47/c++/ --with-gmp=/opt/local --with-mpfr=/opt/local --with-mpc=/opt/local --with-ppl=/opt/local --with-cloog=/opt/local --enable-cloog-backend=isl --disable-cloog-version-check --enable-stage1-checking --disable-multilib --enable-lto --enable-libstdcxx-time --with-as=/opt/local/bin/as --with-ld=/opt/local/bin/ld --with-ar=/opt/local/bin/ar --with-bugurl=https://trac.macports.org/newticket --disable-ppl-version-check --with-pkgversion='MacPorts gcc47 4.7.4_5'
Thread model: posix
gcc version 4.7.4 (MacPorts gcc47 4.7.4_5) 
configure:4951: $? = 0
configure:4940: gcc -V >&5
gcc: error: unrecognized command line option '-V'
gcc: fatal error: no input files
compilation terminated.
configure:4951: $? = 1
configure:4940: gcc -qversion >&5
gcc: error: unrecognized command line option '-qversion'
gcc: fatal error: no input files
compilation terminated.
configure:4951: $? = 1
configure:4955: checking whether we are using the GNU C compiler
configure:4974: gcc -c   -I/Users/devendrashelar7/workspace/electricDistributionSystems/gridlabd/core -g -O0    -I/Users/devendrashelar7/workspace/electricDistributionSystems/gridlabd/core -g -O0  conftest.c >&5
configure:4974: $? = 0
configure:4983: result: yes
configure:4992: checking whether gcc accepts -g
configure:5012: gcc -c -g   -I/Users/devendrashelar7/workspace/electricDistributionSystems/gridlabd/core -g -O0  conftest.c >&5
configure:5012: $? = 0
configure:5053: result: yes
configure:5070: checking for gcc option to accept ISO C89
configure:5133: gcc  -c   -I/Users/devendrashelar7/workspace/electricDistributionSystems/gridlabd/core -g -O0    -I/Users/devendrashelar7/workspace/electricDistributionSystems/gridlabd/core -g -O0  conftest.c >&5
configure:5133: $? = 0
configure:5146: result: none needed
configure:5171: checking whether gcc understands -c and -o together
configure:5193: gcc -c conftest.c -o conftest2.o
configure:5196: $? = 0
configure:5193: gcc -c conftest.c -o conftest2.o
configure:5196: $? = 0
configure:5208: result: yes
configure:5227: checking dependency style of gcc
configure:5338: result: gcc3
configure:5353: checking whether make sets $(MAKE)
configure:5375: result: yes
configure:5384: checking whether ln -s works
configure:5388: result: yes
configure:5443: checking how to print strings
configure:5470: result: printf
configure:5491: checking for a sed that does not truncate output
configure:5555: result: /usr/local/bin/sed
configure:5573: checking for grep that handles long lines and -e
configure:5631: result: /usr/bin/grep
configure:5636: checking for egrep
configure:5698: result: /usr/bin/grep -E
configure:5703: checking for fgrep
configure:5765: result: /usr/bin/grep -F
configure:5800: checking for ld used by gcc
configure:5867: result: /opt/local/bin/ld
configure:5874: checking if the linker (/opt/local/bin/ld) is GNU ld
configure:5889: result: no
configure:5901: checking for BSD- or MS-compatible name lister (nm)
configure:5955: result: /usr/bin/nm -B
configure:6085: checking the name lister (/usr/bin/nm -B) interface
configure:6092: gcc -c   -I/Users/devendrashelar7/workspace/electricDistributionSystems/gridlabd/core -g -O0    -I/Users/devendrashelar7/workspace/electricDistributionSystems/gridlabd/core -g -O0  conftest.c >&5
configure:6095: /usr/bin/nm -B "conftest.o"
configure:6098: output
0000000000000140 S _some_variable
configure:6105: result: BSD nm
configure:6109: checking the maximum length of command line arguments
configure:6240: result: 196608
configure:6288: checking how to convert x86_64-apple-darwin15.0.0 file names to x86_64-apple-darwin15.0.0 format
configure:6328: result: func_convert_file_noop
configure:6335: checking how to convert x86_64-apple-darwin15.0.0 file names to toolchain format
configure:6355: result: func_convert_file_noop
configure:6362: checking for /opt/local/bin/ld option to reload object files
configure:6369: result: -r
configure:6443: checking for objdump
configure:6473: result: no
configure:6499: checking how to recognize dependent libraries
configure:6699: result: pass_all
configure:6784: checking for dlltool
configure:6814: result: no
configure:6841: checking how to associate runtime and link libraries
configure:6868: result: printf %s\n
configure:6929: checking for ar
configure:6945: found /opt/local/bin/ar
configure:6956: result: ar
configure:6993: checking for archiver @FILE support
configure:7010: gcc -c   -I/Users/devendrashelar7/workspace/electricDistributionSystems/gridlabd/core -g -O0    -I/Users/devendrashelar7/workspace/electricDistributionSystems/gridlabd/core -g -O0  conftest.c >&5
configure:7010: $? = 0
configure:7013: ar cru libconftest.a @conftest.lst >&5
ar: @conftest.lst: No such file or directory
configure:7016: $? = 1
configure:7036: result: no
configure:7094: checking for strip
configure:7110: found /opt/local/bin/strip
configure:7121: result: strip
configure:7193: checking for ranlib
configure:7209: found /opt/local/bin/ranlib
configure:7220: result: ranlib
configure:7322: checking command to parse /usr/bin/nm -B output from gcc object
configure:7475: gcc -c   -I/Users/devendrashelar7/workspace/electricDistributionSystems/gridlabd/core -g -O0    -I/Users/devendrashelar7/workspace/electricDistributionSystems/gridlabd/core -g -O0  conftest.c >&5
configure:7478: $? = 0
configure:7482: /usr/bin/nm -B conftest.o \| sed -n -e 's/^.*[ ]\([BCDEGRST][BCDEGRST]*\)[ ][ ]*\([_A-Za-z][_A-Za-z0-9]*\)$/\1 \2 \2/p' | sed '/ __gnu_lto/d' \> conftest.nm
configure:7485: $? = 0
cannot find nm_test_var in conftest.nm
configure:7475: gcc -c   -I/Users/devendrashelar7/workspace/electricDistributionSystems/gridlabd/core -g -O0    -I/Users/devendrashelar7/workspace/electricDistributionSystems/gridlabd/core -g -O0  conftest.c >&5
configure:7478: $? = 0
configure:7482: /usr/bin/nm -B conftest.o \| sed -n -e 's/^.*[ ]\([BCDEGRST][BCDEGRST]*\)[ ][ ]*_\([_A-Za-z][_A-Za-z0-9]*\)$/\1 _\2 \2/p' | sed '/ __gnu_lto/d' \> conftest.nm
configure:7485: $? = 0
configure:7551: gcc -o conftest   -I/Users/devendrashelar7/workspace/electricDistributionSystems/gridlabd/core -g -O0    -I/Users/devendrashelar7/workspace/electricDistributionSystems/gridlabd/core -g -O0   conftest.c conftstm.o >&5
warning: (x86_64)  could not find object file symbol for symbol _main
configure:7554: $? = 0
configure:7592: result: ok
configure:7639: checking for sysroot
configure:7669: result: no
configure:7676: checking for a working dd
configure:7714: result: /bin/dd
configure:7718: checking how to truncate binary pipes
configure:7733: result: /bin/dd bs=4096 count=1
configure:8062: checking for mt
configure:8092: result: no
configure:8112: checking if : is a manifest tool
configure:8118: : '-?'
configure:8126: result: no
configure:8182: checking for dsymutil
configure:8198: found /usr/bin/dsymutil
configure:8209: result: dsymutil
configure:8274: checking for nmedit
configure:8290: found /opt/local/bin/nmedit
configure:8301: result: nmedit
configure:8366: checking for lipo
configure:8382: found /opt/local/bin/lipo
configure:8393: result: lipo
configure:8458: checking for otool
configure:8474: found /opt/local/bin/otool
configure:8485: result: otool
configure:8550: checking for otool64
configure:8580: result: no
configure:8625: checking for -single_module linker flag
gcc   -I/Users/devendrashelar7/workspace/electricDistributionSystems/gridlabd/core -g -O0   -o libconftest.dylib -dynamiclib -Wl,-single_module conftest.c
configure:8658: result: yes
configure:8661: checking for -exported_symbols_list linker flag
configure:8681: gcc -o conftest   -I/Users/devendrashelar7/workspace/electricDistributionSystems/gridlabd/core -g -O0    -I/Users/devendrashelar7/workspace/electricDistributionSystems/gridlabd/core -g -O0   -Wl,-exported_symbols_list,conftest.sym conftest.c  >&5
configure:8681: $? = 0
configure:8691: result: yes
configure:8694: checking for -force_load linker flag
gcc   -I/Users/devendrashelar7/workspace/electricDistributionSystems/gridlabd/core -g -O0  -c -o conftest.o conftest.c
ar cru libconftest.a conftest.o
ranlib libconftest.a
gcc   -I/Users/devendrashelar7/workspace/electricDistributionSystems/gridlabd/core -g -O0   -o conftest conftest.c -Wl,-force_load,./libconftest.a
configure:8726: result: yes
configure:8803: checking how to run the C preprocessor
configure:8834: gcc -E   -I/Users/devendrashelar7/workspace/electricDistributionSystems/gridlabd/core -g -O0  conftest.c
configure:8834: $? = 0
configure:8848: gcc -E   -I/Users/devendrashelar7/workspace/electricDistributionSystems/gridlabd/core -g -O0  conftest.c
conftest.c:13:28: fatal error: ac_nonexistent.h: No such file or directory
compilation terminated.
configure:8848: $? = 1
configure: failed program was:
| /* confdefs.h */
| #define PACKAGE_NAME "Gridlab-D"
| #define PACKAGE_TARNAME "gridlabd"
| #define PACKAGE_VERSION "2.3.0.4392M"
| #define PACKAGE_STRING "Gridlab-D 2.3.0.4392M"
| #define PACKAGE_BUGREPORT "David Chassin <david.chassin@pnl.gov>"
| #define PACKAGE_URL ""
| #define PACKAGE "gridlabd"
| #define VERSION "2.3.0.4392M"
| #define REALTIME_LDFLAGS "-bundle"
| #define DLEXT ".so"
| /* end confdefs.h.  */
| #include <ac_nonexistent.h>
configure:8873: result: gcc -E
configure:8893: gcc -E   -I/Users/devendrashelar7/workspace/electricDistributionSystems/gridlabd/core -g -O0  conftest.c
configure:8893: $? = 0
configure:8907: gcc -E   -I/Users/devendrashelar7/workspace/electricDistributionSystems/gridlabd/core -g -O0  conftest.c
conftest.c:13:28: fatal error: ac_nonexistent.h: No such file or directory
compilation terminated.
configure:8907: $? = 1
configure: failed program was:
| /* confdefs.h */
| #define PACKAGE_NAME "Gridlab-D"
| #define PACKAGE_TARNAME "gridlabd"
| #define PACKAGE_VERSION "2.3.0.4392M"
| #define PACKAGE_STRING "Gridlab-D 2.3.0.4392M"
| #define PACKAGE_BUGREPORT "David Chassin <david.chassin@pnl.gov>"
| #define PACKAGE_URL ""
| #define PACKAGE "gridlabd"
| #define VERSION "2.3.0.4392M"
| #define REALTIME_LDFLAGS "-bundle"
| #define DLEXT ".so"
| /* end confdefs.h.  */
| #include <ac_nonexistent.h>
configure:8936: checking for ANSI C header files
configure:8956: gcc -c   -I/Users/devendrashelar7/workspace/electricDistributionSystems/gridlabd/core -g -O0    -I/Users/devendrashelar7/workspace/electricDistributionSystems/gridlabd/core -g -O0  conftest.c >&5
configure:8956: $? = 0
configure:9029: gcc -o conftest   -I/Users/devendrashelar7/workspace/electricDistributionSystems/gridlabd/core -g -O0    -I/Users/devendrashelar7/workspace/electricDistributionSystems/gridlabd/core -g -O0   conftest.c  >&5
configure:9029: $? = 0
configure:9029: ./conftest
configure:9029: $? = 0
configure:9040: result: yes
configure:9053: checking for sys/types.h
configure:9053: gcc -c   -I/Users/devendrashelar7/workspace/electricDistributionSystems/gridlabd/core -g -O0    -I/Users/devendrashelar7/workspace/electricDistributionSystems/gridlabd/core -g -O0  conftest.c >&5
configure:9053: $? = 0
configure:9053: result: yes
configure:9053: checking for sys/stat.h
configure:9053: gcc -c   -I/Users/devendrashelar7/workspace/electricDistributionSystems/gridlabd/core -g -O0    -I/Users/devendrashelar7/workspace/electricDistributionSystems/gridlabd/core -g -O0  conftest.c >&5
configure:9053: $? = 0
configure:9053: result: yes
configure:9053: checking for stdlib.h
configure:9053: gcc -c   -I/Users/devendrashelar7/workspace/electricDistributionSystems/gridlabd/core -g -O0    -I/Users/devendrashelar7/workspace/electricDistributionSystems/gridlabd/core -g -O0  conftest.c >&5
configure:9053: $? = 0
configure:9053: result: yes
configure:9053: checking for string.h
configure:9053: gcc -c   -I/Users/devendrashelar7/workspace/electricDistributionSystems/gridlabd/core -g -O0    -I/Users/devendrashelar7/workspace/electricDistributionSystems/gridlabd/core -g -O0  conftest.c >&5
configure:9053: $? = 0
configure:9053: result: yes
configure:9053: checking for memory.h
configure:9053: gcc -c   -I/Users/devendrashelar7/workspace/electricDistributionSystems/gridlabd/core -g -O0    -I/Users/devendrashelar7/workspace/electricDistributionSystems/gridlabd/core -g -O0  conftest.c >&5
configure:9053: $? = 0
configure:9053: result: yes
configure:9053: checking for strings.h
configure:9053: gcc -c   -I/Users/devendrashelar7/workspace/electricDistributionSystems/gridlabd/core -g -O0    -I/Users/devendrashelar7/workspace/electricDistributionSystems/gridlabd/core -g -O0  conftest.c >&5
configure:9053: $? = 0
configure:9053: result: yes
configure:9053: checking for inttypes.h
configure:9053: gcc -c   -I/Users/devendrashelar7/workspace/electricDistributionSystems/gridlabd/core -g -O0    -I/Users/devendrashelar7/workspace/electricDistributionSystems/gridlabd/core -g -O0  conftest.c >&5
configure:9053: $? = 0
configure:9053: result: yes
configure:9053: checking for stdint.h
configure:9053: gcc -c   -I/Users/devendrashelar7/workspace/electricDistributionSystems/gridlabd/core -g -O0    -I/Users/devendrashelar7/workspace/electricDistributionSystems/gridlabd/core -g -O0  conftest.c >&5
configure:9053: $? = 0
configure:9053: result: yes
configure:9053: checking for unistd.h
configure:9053: gcc -c   -I/Users/devendrashelar7/workspace/electricDistributionSystems/gridlabd/core -g -O0    -I/Users/devendrashelar7/workspace/electricDistributionSystems/gridlabd/core -g -O0  conftest.c >&5
configure:9053: $? = 0
configure:9053: result: yes
configure:9067: checking for dlfcn.h
configure:9067: gcc -c   -I/Users/devendrashelar7/workspace/electricDistributionSystems/gridlabd/core -g -O0    -I/Users/devendrashelar7/workspace/electricDistributionSystems/gridlabd/core -g -O0  conftest.c >&5
configure:9067: $? = 0
configure:9067: result: yes
configure:9302: checking for objdir
configure:9317: result: .libs
configure:9581: checking if gcc supports -fno-rtti -fno-exceptions
configure:9599: gcc -c   -I/Users/devendrashelar7/workspace/electricDistributionSystems/gridlabd/core -g -O0    -I/Users/devendrashelar7/workspace/electricDistributionSystems/gridlabd/core -g -O0  -fno-rtti -fno-exceptions conftest.c >&5
cc1: warning: command line option '-fno-rtti' is valid for C++/ObjC++ but not for C [enabled by default]
configure:9603: $? = 0
configure:9616: result: no
configure:9974: checking for gcc option to produce PIC
configure:9981: result: -fno-common -DPIC
configure:9989: checking if gcc PIC flag -fno-common -DPIC works
configure:10007: gcc -c   -I/Users/devendrashelar7/workspace/electricDistributionSystems/gridlabd/core -g -O0    -I/Users/devendrashelar7/workspace/electricDistributionSystems/gridlabd/core -g -O0  -fno-common -DPIC -DPIC conftest.c >&5
configure:10011: $? = 0
configure:10024: result: yes
configure:10053: checking if gcc static flag -static works
configure:10081: result: no
configure:10096: checking if gcc supports -c -o file.o
configure:10117: gcc -c   -I/Users/devendrashelar7/workspace/electricDistributionSystems/gridlabd/core -g -O0    -I/Users/devendrashelar7/workspace/electricDistributionSystems/gridlabd/core -g -O0  -o out/conftest2.o conftest.c >&5
configure:10121: $? = 0
configure:10143: result: yes
configure:10151: checking if gcc supports -c -o file.o
configure:10198: result: yes
configure:10231: checking whether the gcc linker (/opt/local/bin/ld) supports shared libraries
configure:11490: result: yes
configure:11730: checking dynamic linker characteristics
configure:12548: result: darwin15.0.0 dyld
configure:12670: checking how to hardcode library paths into programs
configure:12695: result: immediate
configure:13243: checking whether stripping libraries is possible
configure:13257: result: yes
configure:13283: checking if libtool supports shared libraries
configure:13285: result: yes
configure:13288: checking whether to build shared libraries
configure:13313: result: yes
configure:13316: checking whether to build static libraries
configure:13320: result: no
configure:13343: checking how to run the C++ preprocessor
configure:13370: g++ -E   -I/Users/devendrashelar7/workspace/electricDistributionSystems/gridlabd/core -g -O0  conftest.cpp
configure:13370: $? = 0
configure:13384: g++ -E   -I/Users/devendrashelar7/workspace/electricDistributionSystems/gridlabd/core -g -O0  conftest.cpp
conftest.cpp:25:28: fatal error: ac_nonexistent.h: No such file or directory
compilation terminated.
configure:13384: $? = 1
configure: failed program was:
| /* confdefs.h */
| #define PACKAGE_NAME "Gridlab-D"
| #define PACKAGE_TARNAME "gridlabd"
| #define PACKAGE_VERSION "2.3.0.4392M"
| #define PACKAGE_STRING "Gridlab-D 2.3.0.4392M"
| #define PACKAGE_BUGREPORT "David Chassin <david.chassin@pnl.gov>"
| #define PACKAGE_URL ""
| #define PACKAGE "gridlabd"
| #define VERSION "2.3.0.4392M"
| #define REALTIME_LDFLAGS "-bundle"
| #define DLEXT ".so"
| #define STDC_HEADERS 1
| #define HAVE_SYS_TYPES_H 1
| #define HAVE_SYS_STAT_H 1
| #define HAVE_STDLIB_H 1
| #define HAVE_STRING_H 1
| #define HAVE_MEMORY_H 1
| #define HAVE_STRINGS_H 1
| #define HAVE_INTTYPES_H 1
| #define HAVE_STDINT_H 1
| #define HAVE_UNISTD_H 1
| #define HAVE_DLFCN_H 1
| #define LT_OBJDIR ".libs/"
| /* end confdefs.h.  */
| #include <ac_nonexistent.h>
configure:13409: result: g++ -E
configure:13429: g++ -E   -I/Users/devendrashelar7/workspace/electricDistributionSystems/gridlabd/core -g -O0  conftest.cpp
configure:13429: $? = 0
configure:13443: g++ -E   -I/Users/devendrashelar7/workspace/electricDistributionSystems/gridlabd/core -g -O0  conftest.cpp
conftest.cpp:25:28: fatal error: ac_nonexistent.h: No such file or directory
compilation terminated.
configure:13443: $? = 1
configure: failed program was:
| /* confdefs.h */
| #define PACKAGE_NAME "Gridlab-D"
| #define PACKAGE_TARNAME "gridlabd"
| #define PACKAGE_VERSION "2.3.0.4392M"
| #define PACKAGE_STRING "Gridlab-D 2.3.0.4392M"
| #define PACKAGE_BUGREPORT "David Chassin <david.chassin@pnl.gov>"
| #define PACKAGE_URL ""
| #define PACKAGE "gridlabd"
| #define VERSION "2.3.0.4392M"
| #define REALTIME_LDFLAGS "-bundle"
| #define DLEXT ".so"
| #define STDC_HEADERS 1
| #define HAVE_SYS_TYPES_H 1
| #define HAVE_SYS_STAT_H 1
| #define HAVE_STDLIB_H 1
| #define HAVE_STRING_H 1
| #define HAVE_MEMORY_H 1
| #define HAVE_STRINGS_H 1
| #define HAVE_INTTYPES_H 1
| #define HAVE_STDINT_H 1
| #define HAVE_UNISTD_H 1
| #define HAVE_DLFCN_H 1
| #define LT_OBJDIR ".libs/"
| /* end confdefs.h.  */
| #include <ac_nonexistent.h>
configure:13605: checking for ld used by g++
configure:13672: result: /opt/local/bin/ld
configure:13679: checking if the linker (/opt/local/bin/ld) is GNU ld
configure:13694: result: no
configure:13749: checking whether the g++ linker (/opt/local/bin/ld) supports shared libraries
configure:14822: result: yes
configure:14858: g++ -c   -I/Users/devendrashelar7/workspace/electricDistributionSystems/gridlabd/core -g -O0    -I/Users/devendrashelar7/workspace/electricDistributionSystems/gridlabd/core -g -O0  conftest.cpp >&5
configure:14861: $? = 0
configure:15342: checking for g++ option to produce PIC
configure:15349: result: -fno-common -DPIC
configure:15357: checking if g++ PIC flag -fno-common -DPIC works
configure:15375: g++ -c   -I/Users/devendrashelar7/workspace/electricDistributionSystems/gridlabd/core -g -O0    -I/Users/devendrashelar7/workspace/electricDistributionSystems/gridlabd/core -g -O0  -fno-common -DPIC -DPIC conftest.cpp >&5
configure:15379: $? = 0
configure:15392: result: yes
configure:15415: checking if g++ static flag -static works
configure:15443: result: no
configure:15455: checking if g++ supports -c -o file.o
configure:15476: g++ -c   -I/Users/devendrashelar7/workspace/electricDistributionSystems/gridlabd/core -g -O0    -I/Users/devendrashelar7/workspace/electricDistributionSystems/gridlabd/core -g -O0  -o out/conftest2.o conftest.cpp >&5
configure:15480: $? = 0
configure:15502: result: yes
configure:15507: checking if g++ supports -c -o file.o
configure:15554: result: yes
configure:15584: checking whether the g++ linker (/opt/local/bin/ld) supports shared libraries
configure:15624: result: yes
configure:15765: checking dynamic linker characteristics
configure:16510: result: darwin15.0.0 dyld
configure:16575: checking how to hardcode library paths into programs
configure:16600: result: immediate
configure:16833: checking for the pthreads library -lpthreads
configure:16866: gcc -o conftest   -I/Users/devendrashelar7/workspace/electricDistributionSystems/gridlabd/core -g -O0     -I/Users/devendrashelar7/workspace/electricDistributionSystems/gridlabd/core -g -O0   conftest.c -lpthreads  >&5
ld: library not found for -lpthreads
collect2: error: ld returned 1 exit status
configure:16866: $? = 1
configure: failed program was:
| /* confdefs.h */
| #define PACKAGE_NAME "Gridlab-D"
| #define PACKAGE_TARNAME "gridlabd"
| #define PACKAGE_VERSION "2.3.0.4392M"
| #define PACKAGE_STRING "Gridlab-D 2.3.0.4392M"
| #define PACKAGE_BUGREPORT "David Chassin <david.chassin@pnl.gov>"
| #define PACKAGE_URL ""
| #define PACKAGE "gridlabd"
| #define VERSION "2.3.0.4392M"
| #define REALTIME_LDFLAGS "-bundle"
| #define DLEXT ".so"
| #define STDC_HEADERS 1
| #define HAVE_SYS_TYPES_H 1
| #define HAVE_SYS_STAT_H 1
| #define HAVE_STDLIB_H 1
| #define HAVE_STRING_H 1
| #define HAVE_MEMORY_H 1
| #define HAVE_STRINGS_H 1
| #define HAVE_INTTYPES_H 1
| #define HAVE_STDINT_H 1
| #define HAVE_UNISTD_H 1
| #define HAVE_DLFCN_H 1
| #define LT_OBJDIR ".libs/"
| /* end confdefs.h.  */
| #include <pthread.h>
| int
| main ()
| {
| pthread_t th; pthread_join(th, 0);
|                      pthread_attr_init(0); pthread_cleanup_push(0, 0);
|                      pthread_create(0,0,0,0); pthread_cleanup_pop(0);
|   ;
|   return 0;
| }
configure:16875: result: no
configure:16778: checking whether pthreads work without any flags
configure:16866: gcc -o conftest   -I/Users/devendrashelar7/workspace/electricDistributionSystems/gridlabd/core -g -O0     -I/Users/devendrashelar7/workspace/electricDistributionSystems/gridlabd/core -g -O0   conftest.c   >&5
configure:16866: $? = 0
configure:16875: result: yes
configure:16894: checking for joinable pthread attribute
configure:16909: gcc -o conftest   -I/Users/devendrashelar7/workspace/electricDistributionSystems/gridlabd/core -g -O0     -I/Users/devendrashelar7/workspace/electricDistributionSystems/gridlabd/core -g -O0   conftest.c   >&5
configure:16909: $? = 0
configure:16915: result: PTHREAD_CREATE_JOINABLE
configure:16925: checking if more special flags are required for pthreads
configure:16932: result: -D_THREAD_SAFE
configure:17104: checking for Xerces C++ Parser headers in /usr/local/include and /usr/local/include/xercesc
configure:17129: g++ -c   -I/Users/devendrashelar7/workspace/electricDistributionSystems/gridlabd/core -g -O0    -I/Users/devendrashelar7/workspace/electricDistributionSystems/gridlabd/core -g -O0  -I/usr/local/include -I/usr/local/include/xercesc conftest.cpp >&5
configure:17129: $? = 0
configure:17133: result: found
configure:17154: checking for Xerces C++ Parser libraries
configure:17184: g++ -o conftest   -I/Users/devendrashelar7/workspace/electricDistributionSystems/gridlabd/core -g -O0    -I/Users/devendrashelar7/workspace/electricDistributionSystems/gridlabd/core -g -O0  -I/usr/local/include -I/usr/local/include/xercesc  -L/usr/local/lib  conftest.cpp -lxerces-c   >&5
configure:17184: $? = 0
configure:17189: result: found
configure:17215: checking for Xerces C++ Parser
configure:17230: result: yes
configure:17239: checking if Xerces C++ Parser version is >= 2.7
configure:17276: result: yes
configure:17405: checking for doxygen
configure:17438: result: no
configure:17458: WARNING: doxygen not found - will not generate any doxygen documentation
configure:17511: checking for perl
configure:17529: found /opt/local/bin/perl
configure:17541: result: /opt/local/bin/perl
configure:19233: checking if compiler has __sync_bool_compare_and_swap builtin
configure:19247: gcc -o conftest   -I/Users/devendrashelar7/workspace/electricDistributionSystems/gridlabd/core -g -O0    -I/Users/devendrashelar7/workspace/electricDistributionSystems/gridlabd/core -g -O0   conftest.c  >&5
configure:19247: $? = 0
configure:19254: result: yes
configure:19267: checking if compiler has __sync_add_and_fetch builtin
configure:19281: gcc -o conftest   -I/Users/devendrashelar7/workspace/electricDistributionSystems/gridlabd/core -g -O0    -I/Users/devendrashelar7/workspace/electricDistributionSystems/gridlabd/core -g -O0   conftest.c  >&5
configure:19281: $? = 0
configure:19288: result: yes
configure:19336: checking for cppunit-config
configure:19354: found /usr/local/bin/cppunit-config
configure:19367: result: /usr/local/bin/cppunit-config
configure:19377: checking for Cppunit - version >= 1.12
configure:19423: result: 1.12.0
configure:19444: checking if compiler can link libcppunit
configure:19467: g++ -o conftest   -I/Users/devendrashelar7/workspace/electricDistributionSystems/gridlabd/core -g -O0    -I/Users/devendrashelar7/workspace/electricDistributionSystems/gridlabd/core -g -O0   conftest.cpp  -L/usr/local/lib -lcppunit -ldl >&5
conftest.cpp:28:52: fatal error: cppunit/extensions/TestFactoryRegistry.h: No such file or directory
compilation terminated.
configure:19467: $? = 1
configure: failed program was:
| /* confdefs.h */
| #define PACKAGE_NAME "Gridlab-D"
| #define PACKAGE_TARNAME "gridlabd"
| #define PACKAGE_VERSION "2.3.0.4392M"
| #define PACKAGE_STRING "Gridlab-D 2.3.0.4392M"
| #define PACKAGE_BUGREPORT "David Chassin <david.chassin@pnl.gov>"
| #define PACKAGE_URL ""
| #define PACKAGE "gridlabd"
| #define VERSION "2.3.0.4392M"
| #define REALTIME_LDFLAGS "-bundle"
| #define DLEXT ".so"
| #define STDC_HEADERS 1
| #define HAVE_SYS_TYPES_H 1
| #define HAVE_SYS_STAT_H 1
| #define HAVE_STDLIB_H 1
| #define HAVE_STRING_H 1
| #define HAVE_MEMORY_H 1
| #define HAVE_STRINGS_H 1
| #define HAVE_INTTYPES_H 1
| #define HAVE_STDINT_H 1
| #define HAVE_UNISTD_H 1
| #define HAVE_DLFCN_H 1
| #define LT_OBJDIR ".libs/"
| #define HAVE_PTHREAD 1
| #define HAVE___SYNC_BOOL_COMPARE_AND_SWAP 1
| #define HAVE___SYNC_ADD_AND_FETCH 1
| /* end confdefs.h.  */
| #include <cppunit/extensions/TestFactoryRegistry.h>
| int
| main ()
| {
| CppUnit::TestFactoryRegistry::getRegistry();
|   ;
|   return 0;
| }
configure:19480: result: no
configure:19491: checking for ANSI C header files
configure:19595: result: yes
configure:19606: checking malloc.h usability
configure:19606: gcc -c    -I/Users/devendrashelar7/workspace/electricDistributionSystems/gridlabd/core -g -O0  -D_NO_CPPUNIT conftest.c >&5
conftest.c:62:20: fatal error: malloc.h: No such file or directory
compilation terminated.
configure:19606: $? = 1
configure: failed program was:
| /* confdefs.h */
| #define PACKAGE_NAME "Gridlab-D"
| #define PACKAGE_TARNAME "gridlabd"
| #define PACKAGE_VERSION "2.3.0.4392M"
| #define PACKAGE_STRING "Gridlab-D 2.3.0.4392M"
| #define PACKAGE_BUGREPORT "David Chassin <david.chassin@pnl.gov>"
| #define PACKAGE_URL ""
| #define PACKAGE "gridlabd"
| #define VERSION "2.3.0.4392M"
| #define REALTIME_LDFLAGS "-bundle"
| #define DLEXT ".so"
| #define STDC_HEADERS 1
| #define HAVE_SYS_TYPES_H 1
| #define HAVE_SYS_STAT_H 1
| #define HAVE_STDLIB_H 1
| #define HAVE_STRING_H 1
| #define HAVE_MEMORY_H 1
| #define HAVE_STRINGS_H 1
| #define HAVE_INTTYPES_H 1
| #define HAVE_STDINT_H 1
| #define HAVE_UNISTD_H 1
| #define HAVE_DLFCN_H 1
| #define LT_OBJDIR ".libs/"
| #define HAVE_PTHREAD 1
| #define HAVE___SYNC_BOOL_COMPARE_AND_SWAP 1
| #define HAVE___SYNC_ADD_AND_FETCH 1
| #define STDC_HEADERS 1
| /* end confdefs.h.  */
| #include <stdio.h>
| #ifdef HAVE_SYS_TYPES_H
| # include <sys/types.h>
| #endif
| #ifdef HAVE_SYS_STAT_H
| # include <sys/stat.h>
| #endif
| #ifdef STDC_HEADERS
| # include <stdlib.h>
| # include <stddef.h>
| #else
| # ifdef HAVE_STDLIB_H
| #  include <stdlib.h>
| # endif
| #endif
| #ifdef HAVE_STRING_H
| # if !defined STDC_HEADERS && defined HAVE_MEMORY_H
| #  include <memory.h>
| # endif
| # include <string.h>
| #endif
| #ifdef HAVE_STRINGS_H
| # include <strings.h>
| #endif
| #ifdef HAVE_INTTYPES_H
| # include <inttypes.h>
| #endif
| #ifdef HAVE_STDINT_H
| # include <stdint.h>
| #endif
| #ifdef HAVE_UNISTD_H
| # include <unistd.h>
| #endif
| #include <malloc.h>
configure:19606: result: no
configure:19606: checking malloc.h presence
configure:19606: gcc -E   -I/Users/devendrashelar7/workspace/electricDistributionSystems/gridlabd/core -g -O0  -D_NO_CPPUNIT conftest.c
conftest.c:29:20: fatal error: malloc.h: No such file or directory
compilation terminated.
configure:19606: $? = 1
configure: failed program was:
| /* confdefs.h */
| #define PACKAGE_NAME "Gridlab-D"
| #define PACKAGE_TARNAME "gridlabd"
| #define PACKAGE_VERSION "2.3.0.4392M"
| #define PACKAGE_STRING "Gridlab-D 2.3.0.4392M"
| #define PACKAGE_BUGREPORT "David Chassin <david.chassin@pnl.gov>"
| #define PACKAGE_URL ""
| #define PACKAGE "gridlabd"
| #define VERSION "2.3.0.4392M"
| #define REALTIME_LDFLAGS "-bundle"
| #define DLEXT ".so"
| #define STDC_HEADERS 1
| #define HAVE_SYS_TYPES_H 1
| #define HAVE_SYS_STAT_H 1
| #define HAVE_STDLIB_H 1
| #define HAVE_STRING_H 1
| #define HAVE_MEMORY_H 1
| #define HAVE_STRINGS_H 1
| #define HAVE_INTTYPES_H 1
| #define HAVE_STDINT_H 1
| #define HAVE_UNISTD_H 1
| #define HAVE_DLFCN_H 1
| #define LT_OBJDIR ".libs/"
| #define HAVE_PTHREAD 1
| #define HAVE___SYNC_BOOL_COMPARE_AND_SWAP 1
| #define HAVE___SYNC_ADD_AND_FETCH 1
| #define STDC_HEADERS 1
| /* end confdefs.h.  */
| #include <malloc.h>
configure:19606: result: no
configure:19606: checking for malloc.h
configure:19606: result: no
configure:19606: checking for memory.h
configure:19606: result: yes
configure:19606: checking for stdlib.h
configure:19606: result: yes
configure:19606: checking for string.h
configure:19606: result: yes
configure:19606: checking for unistd.h
configure:19606: result: yes
configure:19618: checking for stdbool.h that conforms to C99
configure:19685: gcc -c    -I/Users/devendrashelar7/workspace/electricDistributionSystems/gridlabd/core -g -O0  -D_NO_CPPUNIT conftest.c >&5
configure:19685: $? = 0
configure:19692: result: yes
configure:19694: checking for _Bool
configure:19694: gcc -c    -I/Users/devendrashelar7/workspace/electricDistributionSystems/gridlabd/core -g -O0  -D_NO_CPPUNIT conftest.c >&5
configure:19694: $? = 0
configure:19694: gcc -c    -I/Users/devendrashelar7/workspace/electricDistributionSystems/gridlabd/core -g -O0  -D_NO_CPPUNIT conftest.c >&5
conftest.c: In function 'main':
conftest.c:69:20: error: expected expression before ')' token
configure:19694: $? = 1
configure: failed program was:
| /* confdefs.h */
| #define PACKAGE_NAME "Gridlab-D"
| #define PACKAGE_TARNAME "gridlabd"
| #define PACKAGE_VERSION "2.3.0.4392M"
| #define PACKAGE_STRING "Gridlab-D 2.3.0.4392M"
| #define PACKAGE_BUGREPORT "David Chassin <david.chassin@pnl.gov>"
| #define PACKAGE_URL ""
| #define PACKAGE "gridlabd"
| #define VERSION "2.3.0.4392M"
| #define REALTIME_LDFLAGS "-bundle"
| #define DLEXT ".so"
| #define STDC_HEADERS 1
| #define HAVE_SYS_TYPES_H 1
| #define HAVE_SYS_STAT_H 1
| #define HAVE_STDLIB_H 1
| #define HAVE_STRING_H 1
| #define HAVE_MEMORY_H 1
| #define HAVE_STRINGS_H 1
| #define HAVE_INTTYPES_H 1
| #define HAVE_STDINT_H 1
| #define HAVE_UNISTD_H 1
| #define HAVE_DLFCN_H 1
| #define LT_OBJDIR ".libs/"
| #define HAVE_PTHREAD 1
| #define HAVE___SYNC_BOOL_COMPARE_AND_SWAP 1
| #define HAVE___SYNC_ADD_AND_FETCH 1
| #define STDC_HEADERS 1
| #define HAVE_MEMORY_H 1
| #define HAVE_STDLIB_H 1
| #define HAVE_STRING_H 1
| #define HAVE_UNISTD_H 1
| /* end confdefs.h.  */
| #include <stdio.h>
| #ifdef HAVE_SYS_TYPES_H
| # include <sys/types.h>
| #endif
| #ifdef HAVE_SYS_STAT_H
| # include <sys/stat.h>
| #endif
| #ifdef STDC_HEADERS
| # include <stdlib.h>
| # include <stddef.h>
| #else
| # ifdef HAVE_STDLIB_H
| #  include <stdlib.h>
| # endif
| #endif
| #ifdef HAVE_STRING_H
| # if !defined STDC_HEADERS && defined HAVE_MEMORY_H
| #  include <memory.h>
| # endif
| # include <string.h>
| #endif
| #ifdef HAVE_STRINGS_H
| # include <strings.h>
| #endif
| #ifdef HAVE_INTTYPES_H
| # include <inttypes.h>
| #endif
| #ifdef HAVE_STDINT_H
| # include <stdint.h>
| #endif
| #ifdef HAVE_UNISTD_H
| # include <unistd.h>
| #endif
| int
| main ()
| {
| if (sizeof ((_Bool)))
| 	    return 0;
|   ;
|   return 0;
| }
configure:19694: result: yes
configure:19711: checking for an ANSI C-conforming const
configure:19777: gcc -c    -I/Users/devendrashelar7/workspace/electricDistributionSystems/gridlabd/core -g -O0  -D_NO_CPPUNIT conftest.c >&5
configure:19777: $? = 0
configure:19784: result: yes
configure:19792: checking for inline
configure:19808: gcc -c    -I/Users/devendrashelar7/workspace/electricDistributionSystems/gridlabd/core -g -O0  -D_NO_CPPUNIT conftest.c >&5
configure:19808: $? = 0
configure:19816: result: inline
configure:19834: checking whether struct tm is in sys/time.h or time.h
configure:19854: gcc -c    -I/Users/devendrashelar7/workspace/electricDistributionSystems/gridlabd/core -g -O0  -D_NO_CPPUNIT conftest.c >&5
configure:19854: $? = 0
configure:19861: result: time.h
configure:19873: checking for stdlib.h
configure:19873: result: yes
configure:19883: checking for GNU libc compatible malloc
configure:19907: gcc -o conftest    -I/Users/devendrashelar7/workspace/electricDistributionSystems/gridlabd/core -g -O0  -D_NO_CPPUNIT  conftest.c  >&5
configure:19907: $? = 0
configure:19907: ./conftest
configure:19907: $? = 0
configure:19917: result: yes
configure:19938: checking whether time.h and sys/time.h may both be included
configure:19958: gcc -c    -I/Users/devendrashelar7/workspace/electricDistributionSystems/gridlabd/core -g -O0  -D_NO_CPPUNIT conftest.c >&5
configure:19958: $? = 0
configure:19965: result: yes
configure:19979: checking for sys/time.h
configure:19979: gcc -c    -I/Users/devendrashelar7/workspace/electricDistributionSystems/gridlabd/core -g -O0  -D_NO_CPPUNIT conftest.c >&5
configure:19979: $? = 0
configure:19979: result: yes
configure:19979: checking for unistd.h
configure:19979: result: yes
configure:20000: checking for alarm
configure:20000: gcc -o conftest    -I/Users/devendrashelar7/workspace/electricDistributionSystems/gridlabd/core -g -O0  -D_NO_CPPUNIT  conftest.c  >&5
configure:20000: $? = 0
configure:20000: result: yes
configure:20013: checking for working mktime
configure:20215: gcc -o conftest    -I/Users/devendrashelar7/workspace/electricDistributionSystems/gridlabd/core -g -O0  -D_NO_CPPUNIT  conftest.c  >&5
configure:20215: $? = 0
configure:20215: ./conftest
configure:20215: $? = 1
configure: program exited with status 1
configure: failed program was:
| /* confdefs.h */
| #define PACKAGE_NAME "Gridlab-D"
| #define PACKAGE_TARNAME "gridlabd"
| #define PACKAGE_VERSION "2.3.0.4392M"
| #define PACKAGE_STRING "Gridlab-D 2.3.0.4392M"
| #define PACKAGE_BUGREPORT "David Chassin <david.chassin@pnl.gov>"
| #define PACKAGE_URL ""
| #define PACKAGE "gridlabd"
| #define VERSION "2.3.0.4392M"
| #define REALTIME_LDFLAGS "-bundle"
| #define DLEXT ".so"
| #define STDC_HEADERS 1
| #define HAVE_SYS_TYPES_H 1
| #define HAVE_SYS_STAT_H 1
| #define HAVE_STDLIB_H 1
| #define HAVE_STRING_H 1
| #define HAVE_MEMORY_H 1
| #define HAVE_STRINGS_H 1
| #define HAVE_INTTYPES_H 1
| #define HAVE_STDINT_H 1
| #define HAVE_UNISTD_H 1
| #define HAVE_DLFCN_H 1
| #define LT_OBJDIR ".libs/"
| #define HAVE_PTHREAD 1
| #define HAVE___SYNC_BOOL_COMPARE_AND_SWAP 1
| #define HAVE___SYNC_ADD_AND_FETCH 1
| #define STDC_HEADERS 1
| #define HAVE_MEMORY_H 1
| #define HAVE_STDLIB_H 1
| #define HAVE_STRING_H 1
| #define HAVE_UNISTD_H 1
| #define HAVE__BOOL 1
| #define HAVE_STDBOOL_H 1
| #define HAVE_STDLIB_H 1
| #define HAVE_MALLOC 1
| #define TIME_WITH_SYS_TIME 1
| #define HAVE_SYS_TIME_H 1
| #define HAVE_UNISTD_H 1
| #define HAVE_ALARM 1
| /* end confdefs.h.  */
| /* Test program from Paul Eggert and Tony Leneis.  */
| #ifdef TIME_WITH_SYS_TIME
| # include <sys/time.h>
| # include <time.h>
| #else
| # ifdef HAVE_SYS_TIME_H
| #  include <sys/time.h>
| # else
| #  include <time.h>
| # endif
| #endif
| 
| #include <limits.h>
| #include <stdlib.h>
| 
| #ifdef HAVE_UNISTD_H
| # include <unistd.h>
| #endif
| 
| #ifndef HAVE_ALARM
| # define alarm(X) /* empty */
| #endif
| 
| /* Work around redefinition to rpl_putenv by other config tests.  */
| #undef putenv
| 
| static time_t time_t_max;
| static time_t time_t_min;
| 
| /* Values we'll use to set the TZ environment variable.  */
| static const char *tz_strings[] = {
|   (const char *) 0, "TZ=GMT0", "TZ=JST-9",
|   "TZ=EST+3EDT+2,M10.1.0/00:00:00,M2.3.0/00:00:00"
| };
| #define N_STRINGS (sizeof (tz_strings) / sizeof (tz_strings[0]))
| 
| /* Return 0 if mktime fails to convert a date in the spring-forward gap.
|    Based on a problem report from Andreas Jaeger.  */
| static int
| spring_forward_gap ()
| {
|   /* glibc (up to about 1998-10-07) failed this test. */
|   struct tm tm;
| 
|   /* Use the portable POSIX.1 specification "TZ=PST8PDT,M4.1.0,M10.5.0"
|      instead of "TZ=America/Vancouver" in order to detect the bug even
|      on systems that don't support the Olson extension, or don't have the
|      full zoneinfo tables installed.  */
|   putenv ((char*) "TZ=PST8PDT,M4.1.0,M10.5.0");
| 
|   tm.tm_year = 98;
|   tm.tm_mon = 3;
|   tm.tm_mday = 5;
|   tm.tm_hour = 2;
|   tm.tm_min = 0;
|   tm.tm_sec = 0;
|   tm.tm_isdst = -1;
|   return mktime (&tm) != (time_t) -1;
| }
| 
| static int
| mktime_test1 (time_t now)
| {
|   struct tm *lt;
|   return ! (lt = localtime (&now)) || mktime (lt) == now;
| }
| 
| static int
| mktime_test (time_t now)
| {
|   return (mktime_test1 (now)
| 	  && mktime_test1 ((time_t) (time_t_max - now))
| 	  && mktime_test1 ((time_t) (time_t_min + now)));
| }
| 
| static int
| irix_6_4_bug ()
| {
|   /* Based on code from Ariel Faigon.  */
|   struct tm tm;
|   tm.tm_year = 96;
|   tm.tm_mon = 3;
|   tm.tm_mday = 0;
|   tm.tm_hour = 0;
|   tm.tm_min = 0;
|   tm.tm_sec = 0;
|   tm.tm_isdst = -1;
|   mktime (&tm);
|   return tm.tm_mon == 2 && tm.tm_mday == 31;
| }
| 
| static int
| bigtime_test (int j)
| {
|   struct tm tm;
|   time_t now;
|   tm.tm_year = tm.tm_mon = tm.tm_mday = tm.tm_hour = tm.tm_min = tm.tm_sec = j;
|   now = mktime (&tm);
|   if (now != (time_t) -1)
|     {
|       struct tm *lt = localtime (&now);
|       if (! (lt
| 	     && lt->tm_year == tm.tm_year
| 	     && lt->tm_mon == tm.tm_mon
| 	     && lt->tm_mday == tm.tm_mday
| 	     && lt->tm_hour == tm.tm_hour
| 	     && lt->tm_min == tm.tm_min
| 	     && lt->tm_sec == tm.tm_sec
| 	     && lt->tm_yday == tm.tm_yday
| 	     && lt->tm_wday == tm.tm_wday
| 	     && ((lt->tm_isdst < 0 ? -1 : 0 < lt->tm_isdst)
| 		  == (tm.tm_isdst < 0 ? -1 : 0 < tm.tm_isdst))))
| 	return 0;
|     }
|   return 1;
| }
| 
| static int
| year_2050_test ()
| {
|   /* The correct answer for 2050-02-01 00:00:00 in Pacific time,
|      ignoring leap seconds.  */
|   unsigned long int answer = 2527315200UL;
| 
|   struct tm tm;
|   time_t t;
|   tm.tm_year = 2050 - 1900;
|   tm.tm_mon = 2 - 1;
|   tm.tm_mday = 1;
|   tm.tm_hour = tm.tm_min = tm.tm_sec = 0;
|   tm.tm_isdst = -1;
| 
|   /* Use the portable POSIX.1 specification "TZ=PST8PDT,M4.1.0,M10.5.0"
|      instead of "TZ=America/Vancouver" in order to detect the bug even
|      on systems that don't support the Olson extension, or don't have the
|      full zoneinfo tables installed.  */
|   putenv ((char*) "TZ=PST8PDT,M4.1.0,M10.5.0");
| 
|   t = mktime (&tm);
| 
|   /* Check that the result is either a failure, or close enough
|      to the correct answer that we can assume the discrepancy is
|      due to leap seconds.  */
|   return (t == (time_t) -1
| 	  || (0 < t && answer - 120 <= t && t <= answer + 120));
| }
| 
| int
| main ()
| {
|   time_t t, delta;
|   int i, j;
| 
|   /* This test makes some buggy mktime implementations loop.
|      Give up after 60 seconds; a mktime slower than that
|      isn't worth using anyway.  */
|   alarm (60);
| 
|   for (;;)
|     {
|       t = (time_t_max << 1) + 1;
|       if (t <= time_t_max)
| 	break;
|       time_t_max = t;
|     }
|   time_t_min = - ((time_t) ~ (time_t) 0 == (time_t) -1) - time_t_max;
| 
|   delta = time_t_max / 997; /* a suitable prime number */
|   for (i = 0; i < N_STRINGS; i++)
|     {
|       if (tz_strings[i])
| 	putenv ((char*) tz_strings[i]);
| 
|       for (t = 0; t <= time_t_max - delta; t += delta)
| 	if (! mktime_test (t))
| 	  return 1;
|       if (! (mktime_test ((time_t) 1)
| 	     && mktime_test ((time_t) (60 * 60))
| 	     && mktime_test ((time_t) (60 * 60 * 24))))
| 	return 1;
| 
|       for (j = 1; ; j <<= 1)
| 	if (! bigtime_test (j))
| 	  return 1;
| 	else if (INT_MAX / 2 < j)
| 	  break;
|       if (! bigtime_test (INT_MAX))
| 	return 1;
|     }
|   return ! (irix_6_4_bug () && spring_forward_gap () && year_2050_test ());
| }
configure:20225: result: no
configure:20238: checking for stdlib.h
configure:20238: result: yes
configure:20248: checking for GNU libc compatible realloc
configure:20272: gcc -o conftest    -I/Users/devendrashelar7/workspace/electricDistributionSystems/gridlabd/core -g -O0  -D_NO_CPPUNIT  conftest.c  >&5
configure:20272: $? = 0
configure:20272: ./conftest
configure:20272: $? = 0
configure:20282: result: yes
configure:20305: checking for strftime
configure:20305: gcc -o conftest    -I/Users/devendrashelar7/workspace/electricDistributionSystems/gridlabd/core -g -O0  -D_NO_CPPUNIT  conftest.c  >&5
conftest.c:66:6: warning: conflicting types for built-in function 'strftime' [enabled by default]
configure:20305: $? = 0
configure:20305: result: yes
configure:20360: checking for vprintf
configure:20360: gcc -o conftest    -I/Users/devendrashelar7/workspace/electricDistributionSystems/gridlabd/core -g -O0  -D_NO_CPPUNIT  conftest.c  >&5
conftest.c:67:6: warning: conflicting types for built-in function 'vprintf' [enabled by default]
configure:20360: $? = 0
configure:20360: result: yes
configure:20366: checking for _doprnt
configure:20366: gcc -o conftest    -I/Users/devendrashelar7/workspace/electricDistributionSystems/gridlabd/core -g -O0  -D_NO_CPPUNIT  conftest.c  >&5
Undefined symbols for architecture x86_64:
  "__doprnt", referenced from:
      _main in ccL6fIjm.o
ld: symbol(s) not found for architecture x86_64
collect2: error: ld returned 1 exit status
configure:20366: $? = 1
configure: failed program was:
| /* confdefs.h */
| #define PACKAGE_NAME "Gridlab-D"
| #define PACKAGE_TARNAME "gridlabd"
| #define PACKAGE_VERSION "2.3.0.4392M"
| #define PACKAGE_STRING "Gridlab-D 2.3.0.4392M"
| #define PACKAGE_BUGREPORT "David Chassin <david.chassin@pnl.gov>"
| #define PACKAGE_URL ""
| #define PACKAGE "gridlabd"
| #define VERSION "2.3.0.4392M"
| #define REALTIME_LDFLAGS "-bundle"
| #define DLEXT ".so"
| #define STDC_HEADERS 1
| #define HAVE_SYS_TYPES_H 1
| #define HAVE_SYS_STAT_H 1
| #define HAVE_STDLIB_H 1
| #define HAVE_STRING_H 1
| #define HAVE_MEMORY_H 1
| #define HAVE_STRINGS_H 1
| #define HAVE_INTTYPES_H 1
| #define HAVE_STDINT_H 1
| #define HAVE_UNISTD_H 1
| #define HAVE_DLFCN_H 1
| #define LT_OBJDIR ".libs/"
| #define HAVE_PTHREAD 1
| #define HAVE___SYNC_BOOL_COMPARE_AND_SWAP 1
| #define HAVE___SYNC_ADD_AND_FETCH 1
| #define STDC_HEADERS 1
| #define HAVE_MEMORY_H 1
| #define HAVE_STDLIB_H 1
| #define HAVE_STRING_H 1
| #define HAVE_UNISTD_H 1
| #define HAVE__BOOL 1
| #define HAVE_STDBOOL_H 1
| #define HAVE_STDLIB_H 1
| #define HAVE_MALLOC 1
| #define TIME_WITH_SYS_TIME 1
| #define HAVE_SYS_TIME_H 1
| #define HAVE_UNISTD_H 1
| #define HAVE_ALARM 1
| #define HAVE_STDLIB_H 1
| #define HAVE_REALLOC 1
| #define HAVE_STRFTIME 1
| #define HAVE_VPRINTF 1
| /* end confdefs.h.  */
| /* Define _doprnt to an innocuous variant, in case <limits.h> declares _doprnt.
|    For example, HP-UX 11i <limits.h> declares gettimeofday.  */
| #define _doprnt innocuous__doprnt
| 
| /* System header to define __stub macros and hopefully few prototypes,
|     which can conflict with char _doprnt (); below.
|     Prefer <limits.h> to <assert.h> if __STDC__ is defined, since
|     <limits.h> exists even on freestanding compilers.  */
| 
| #ifdef __STDC__
| # include <limits.h>
| #else
| # include <assert.h>
| #endif
| 
| #undef _doprnt
| 
| /* Override any GCC internal prototype to avoid an error.
|    Use char because int might match the return type of a GCC
|    builtin and then its argument prototype would still apply.  */
| #ifdef __cplusplus
| extern "C"
| #endif
| char _doprnt ();
| /* The GNU C library defines this for functions which it implements
|     to always fail with ENOSYS.  Some functions are actually named
|     something starting with __ and the normal name is an alias.  */
| #if defined __stub__doprnt || defined __stub____doprnt
| choke me
| #endif
| 
| int
| main ()
| {
| return _doprnt ();
|   ;
|   return 0;
| }
configure:20366: result: no
configure:20380: checking for isfinite
configure:20380: gcc -o conftest    -I/Users/devendrashelar7/workspace/electricDistributionSystems/gridlabd/core -g -O0  -D_NO_CPPUNIT  conftest.c  >&5
Undefined symbols for architecture x86_64:
  "_isfinite", referenced from:
      _main in ccUPd3Fl.o
ld: symbol(s) not found for architecture x86_64
collect2: error: ld returned 1 exit status
configure:20380: $? = 1
configure: failed program was:
| /* confdefs.h */
| #define PACKAGE_NAME "Gridlab-D"
| #define PACKAGE_TARNAME "gridlabd"
| #define PACKAGE_VERSION "2.3.0.4392M"
| #define PACKAGE_STRING "Gridlab-D 2.3.0.4392M"
| #define PACKAGE_BUGREPORT "David Chassin <david.chassin@pnl.gov>"
| #define PACKAGE_URL ""
| #define PACKAGE "gridlabd"
| #define VERSION "2.3.0.4392M"
| #define REALTIME_LDFLAGS "-bundle"
| #define DLEXT ".so"
| #define STDC_HEADERS 1
| #define HAVE_SYS_TYPES_H 1
| #define HAVE_SYS_STAT_H 1
| #define HAVE_STDLIB_H 1
| #define HAVE_STRING_H 1
| #define HAVE_MEMORY_H 1
| #define HAVE_STRINGS_H 1
| #define HAVE_INTTYPES_H 1
| #define HAVE_STDINT_H 1
| #define HAVE_UNISTD_H 1
| #define HAVE_DLFCN_H 1
| #define LT_OBJDIR ".libs/"
| #define HAVE_PTHREAD 1
| #define HAVE___SYNC_BOOL_COMPARE_AND_SWAP 1
| #define HAVE___SYNC_ADD_AND_FETCH 1
| #define STDC_HEADERS 1
| #define HAVE_MEMORY_H 1
| #define HAVE_STDLIB_H 1
| #define HAVE_STRING_H 1
| #define HAVE_UNISTD_H 1
| #define HAVE__BOOL 1
| #define HAVE_STDBOOL_H 1
| #define HAVE_STDLIB_H 1
| #define HAVE_MALLOC 1
| #define TIME_WITH_SYS_TIME 1
| #define HAVE_SYS_TIME_H 1
| #define HAVE_UNISTD_H 1
| #define HAVE_ALARM 1
| #define HAVE_STDLIB_H 1
| #define HAVE_REALLOC 1
| #define HAVE_STRFTIME 1
| #define HAVE_VPRINTF 1
| /* end confdefs.h.  */
| /* Define isfinite to an innocuous variant, in case <limits.h> declares isfinite.
|    For example, HP-UX 11i <limits.h> declares gettimeofday.  */
| #define isfinite innocuous_isfinite
| 
| /* System header to define __stub macros and hopefully few prototypes,
|     which can conflict with char isfinite (); below.
|     Prefer <limits.h> to <assert.h> if __STDC__ is defined, since
|     <limits.h> exists even on freestanding compilers.  */
| 
| #ifdef __STDC__
| # include <limits.h>
| #else
| # include <assert.h>
| #endif
| 
| #undef isfinite
| 
| /* Override any GCC internal prototype to avoid an error.
|    Use char because int might match the return type of a GCC
|    builtin and then its argument prototype would still apply.  */
| #ifdef __cplusplus
| extern "C"
| #endif
| char isfinite ();
| /* The GNU C library defines this for functions which it implements
|     to always fail with ENOSYS.  Some functions are actually named
|     something starting with __ and the normal name is an alias.  */
| #if defined __stub_isfinite || defined __stub___isfinite
| choke me
| #endif
| 
| int
| main ()
| {
| return isfinite ();
|   ;
|   return 0;
| }
configure:20380: result: no
configure:20380: checking for atexit
configure:20380: gcc -o conftest    -I/Users/devendrashelar7/workspace/electricDistributionSystems/gridlabd/core -g -O0  -D_NO_CPPUNIT  conftest.c  >&5
configure:20380: $? = 0
configure:20380: result: yes
configure:20380: checking for getcwd
configure:20380: gcc -o conftest    -I/Users/devendrashelar7/workspace/electricDistributionSystems/gridlabd/core -g -O0  -D_NO_CPPUNIT  conftest.c  >&5
configure:20380: $? = 0
configure:20380: result: yes
configure:20380: checking for memset
configure:20380: gcc -o conftest    -I/Users/devendrashelar7/workspace/electricDistributionSystems/gridlabd/core -g -O0  -D_NO_CPPUNIT  conftest.c  >&5
conftest.c:70:6: warning: conflicting types for built-in function 'memset' [enabled by default]
configure:20380: $? = 0
configure:20380: result: yes
configure:20380: checking for pow
configure:20380: gcc -o conftest    -I/Users/devendrashelar7/workspace/electricDistributionSystems/gridlabd/core -g -O0  -D_NO_CPPUNIT  conftest.c  >&5
conftest.c:71:6: warning: conflicting types for built-in function 'pow' [enabled by default]
configure:20380: $? = 0
configure:20380: result: yes
configure:20380: checking for putenv
configure:20380: gcc -o conftest    -I/Users/devendrashelar7/workspace/electricDistributionSystems/gridlabd/core -g -O0  -D_NO_CPPUNIT  conftest.c  >&5
configure:20380: $? = 0
configure:20380: result: yes
configure:20380: checking for sqrt
configure:20380: gcc -o conftest    -I/Users/devendrashelar7/workspace/electricDistributionSystems/gridlabd/core -g -O0  -D_NO_CPPUNIT  conftest.c  >&5
conftest.c:73:6: warning: conflicting types for built-in function 'sqrt' [enabled by default]
configure:20380: $? = 0
configure:20380: result: yes
configure:20380: checking for strchr
configure:20380: gcc -o conftest    -I/Users/devendrashelar7/workspace/electricDistributionSystems/gridlabd/core -g -O0  -D_NO_CPPUNIT  conftest.c  >&5
conftest.c:74:6: warning: conflicting types for built-in function 'strchr' [enabled by default]
configure:20380: $? = 0
configure:20380: result: yes
configure:20380: checking for strerror
configure:20380: gcc -o conftest    -I/Users/devendrashelar7/workspace/electricDistributionSystems/gridlabd/core -g -O0  -D_NO_CPPUNIT  conftest.c  >&5
configure:20380: $? = 0
configure:20380: result: yes
configure:20380: checking for strrchr
configure:20380: gcc -o conftest    -I/Users/devendrashelar7/workspace/electricDistributionSystems/gridlabd/core -g -O0  -D_NO_CPPUNIT  conftest.c  >&5
conftest.c:76:6: warning: conflicting types for built-in function 'strrchr' [enabled by default]
configure:20380: $? = 0
configure:20380: result: yes
configure:20380: checking for tzset
configure:20380: gcc -o conftest    -I/Users/devendrashelar7/workspace/electricDistributionSystems/gridlabd/core -g -O0  -D_NO_CPPUNIT  conftest.c  >&5
configure:20380: $? = 0
configure:20380: result: yes
configure:20389: checking for tgetent in -lcurses
configure:20414: gcc -o conftest    -I/Users/devendrashelar7/workspace/electricDistributionSystems/gridlabd/core -g -O0  -D_NO_CPPUNIT  conftest.c -lcurses   >&5
configure:20414: $? = 0
configure:20423: result: yes
configure:20457: checking for pthread_join in LIBS= with CFLAGS=-D_THREAD_SAFE 
configure:20477: gcc -o conftest  -D_THREAD_SAFE    -I/Users/devendrashelar7/workspace/electricDistributionSystems/gridlabd/core -g -O0  -D_NO_CPPUNIT  conftest.c  -lcurses  >&5
configure:20477: $? = 0
configure:20482: result: yes
configure:20660: checking for joinable pthread attribute
configure:20675: gcc -o conftest  -D_THREAD_SAFE    -I/Users/devendrashelar7/workspace/electricDistributionSystems/gridlabd/core -g -O0  -D_NO_CPPUNIT  conftest.c  -lcurses  >&5
configure:20675: $? = 0
configure:20681: result: PTHREAD_CREATE_JOINABLE
configure:20691: checking if more special flags are required for pthreads
configure:20698: result: -D_THREAD_SAFE
configure:20781: checking for get_nprocs
configure:20788: gcc -c    -I/Users/devendrashelar7/workspace/electricDistributionSystems/gridlabd/core -g -O0  -D_NO_CPPUNIT conftest.c >&5
conftest.c:57:25: fatal error: sys/sysinfo.h: No such file or directory
compilation terminated.
configure:20788: $? = 1
configure: failed program was:
| /* confdefs.h */
| #define PACKAGE_NAME "Gridlab-D"
| #define PACKAGE_TARNAME "gridlabd"
| #define PACKAGE_VERSION "2.3.0.4392M"
| #define PACKAGE_STRING "Gridlab-D 2.3.0.4392M"
| #define PACKAGE_BUGREPORT "David Chassin <david.chassin@pnl.gov>"
| #define PACKAGE_URL ""
| #define PACKAGE "gridlabd"
| #define VERSION "2.3.0.4392M"
| #define REALTIME_LDFLAGS "-bundle"
| #define DLEXT ".so"
| #define STDC_HEADERS 1
| #define HAVE_SYS_TYPES_H 1
| #define HAVE_SYS_STAT_H 1
| #define HAVE_STDLIB_H 1
| #define HAVE_STRING_H 1
| #define HAVE_MEMORY_H 1
| #define HAVE_STRINGS_H 1
| #define HAVE_INTTYPES_H 1
| #define HAVE_STDINT_H 1
| #define HAVE_UNISTD_H 1
| #define HAVE_DLFCN_H 1
| #define LT_OBJDIR ".libs/"
| #define HAVE_PTHREAD 1
| #define HAVE___SYNC_BOOL_COMPARE_AND_SWAP 1
| #define HAVE___SYNC_ADD_AND_FETCH 1
| #define STDC_HEADERS 1
| #define HAVE_MEMORY_H 1
| #define HAVE_STDLIB_H 1
| #define HAVE_STRING_H 1
| #define HAVE_UNISTD_H 1
| #define HAVE__BOOL 1
| #define HAVE_STDBOOL_H 1
| #define HAVE_STDLIB_H 1
| #define HAVE_MALLOC 1
| #define TIME_WITH_SYS_TIME 1
| #define HAVE_SYS_TIME_H 1
| #define HAVE_UNISTD_H 1
| #define HAVE_ALARM 1
| #define HAVE_STDLIB_H 1
| #define HAVE_REALLOC 1
| #define HAVE_STRFTIME 1
| #define HAVE_VPRINTF 1
| #define HAVE_ATEXIT 1
| #define HAVE_GETCWD 1
| #define HAVE_MEMSET 1
| #define HAVE_POW 1
| #define HAVE_PUTENV 1
| #define HAVE_SQRT 1
| #define HAVE_STRCHR 1
| #define HAVE_STRERROR 1
| #define HAVE_STRRCHR 1
| #define HAVE_TZSET 1
| #define HAVE_LIBCURSES 1
| #define HAVE_PTHREAD 1
| /* end confdefs.h.  */
| #include <sys/sysinfo.h>
|       int main() { get_nprocs(); return 0; }
configure:20794: result: no
configure:20923: checking that generated files are newer than configure
configure:20929: result: done
configure:21048: creating ./config.status

## ---------------------- ##
## Running config.status. ##
## ---------------------- ##

This file was extended by Gridlab-D config.status 2.3.0.4392M, which was
generated by GNU Autoconf 2.69.  Invocation command line was

  CONFIG_FILES    = 
  CONFIG_HEADERS  = 
  CONFIG_LINKS    = 
  CONFIG_COMMANDS = 
  $ ./config.status 

on ShelarKaCompu

config.status:1265: creating Makefile
config.status:1265: creating core/Makefile
config.status:1265: creating core/rt/Makefile
config.status:1265: creating core/solvers/Makefile
config.status:1265: creating assert/Makefile
config.status:1265: creating climate/Makefile
config.status:1265: creating climate/tmy/Makefile
config.status:1265: creating commercial/Makefile
config.status:1265: creating network/Makefile
config.status:1265: creating optimize/Makefile
config.status:1265: creating powerflow/Makefile
config.status:1265: creating residential/Makefile
config.status:1265: creating reliability/Makefile
config.status:1265: creating generators/Makefile
config.status:1265: creating plc/Makefile
config.status:1265: creating market/Makefile
config.status:1265: creating tape_file/Makefile
config.status:1265: creating tape_plot/Makefile
config.status:1265: creating tape/Makefile
config.status:1265: creating third_party/CBLAS/Makefile
config.status:1265: creating third_party/superLU_MT/Makefile
config.status:1265: creating gridlabd.spec
config.status:1265: creating core/config.h
config.status:1446: core/config.h is unchanged
config.status:1494: executing depfiles commands
config.status:1494: executing libtool commands
configure:23489: WARNING: libxerces-c version may not be suitable for building gridlabd: 3.1.1
configure:23527: result:
-----------------------------------------------------------------------

  gridlabd 2.3.0.4392M: Automatic configuration OK.

  Dependencies:

    Doxygen: .................... no
    libcppunit: ................. no
    libxerces-c: ................ yes

  Atomic Builtins:

    __sync_bool_compare_and_swap: yes
    __sync_add_and_fetch: ....... yes

  Installation paths:

    Scripts: .................... /usr/bin
    Libraries: .................. /usr/lib/gridlabd
    Documentation: .............. /usr/share/doc/gridlabd

  Building:

    type 'make' to compile gridlabd.
    type 'make install' to install gridlabd.
    type 'make install DESTDIR=ROOT' to install gridlabd in ROOT.

-----------------------------------------------------------------------


## ---------------- ##
## Cache variables. ##
## ---------------- ##

ac_cv_build=x86_64-apple-darwin15.0.0
ac_cv_c_compiler_gnu=yes
ac_cv_c_const=yes
ac_cv_c_inline=inline
ac_cv_cxx_compiler_gnu=yes
ac_cv_env_CCC_set=
ac_cv_env_CCC_value=
ac_cv_env_CC_set=
ac_cv_env_CC_value=
ac_cv_env_CFLAGS_set=
ac_cv_env_CFLAGS_value=
ac_cv_env_CPPFLAGS_set=
ac_cv_env_CPPFLAGS_value=
ac_cv_env_CPP_set=
ac_cv_env_CPP_value=
ac_cv_env_CXXCPP_set=
ac_cv_env_CXXCPP_value=
ac_cv_env_CXXFLAGS_set=
ac_cv_env_CXXFLAGS_value=
ac_cv_env_CXX_set=
ac_cv_env_CXX_value=
ac_cv_env_DOXYGEN_PAPER_SIZE_set=
ac_cv_env_DOXYGEN_PAPER_SIZE_value=
ac_cv_env_LDFLAGS_set=
ac_cv_env_LDFLAGS_value=
ac_cv_env_LIBS_set=
ac_cv_env_LIBS_value=
ac_cv_env_LT_SYS_LIBRARY_PATH_set=
ac_cv_env_LT_SYS_LIBRARY_PATH_value=
ac_cv_env_build_alias_set=
ac_cv_env_build_alias_value=
ac_cv_env_host_alias_set=
ac_cv_env_host_alias_value=
ac_cv_env_target_alias_set=
ac_cv_env_target_alias_value=
ac_cv_func__doprnt=no
ac_cv_func_alarm=yes
ac_cv_func_atexit=yes
ac_cv_func_getcwd=yes
ac_cv_func_isfinite=no
ac_cv_func_malloc_0_nonnull=yes
ac_cv_func_memset=yes
ac_cv_func_pow=yes
ac_cv_func_putenv=yes
ac_cv_func_realloc_0_nonnull=yes
ac_cv_func_sqrt=yes
ac_cv_func_strchr=yes
ac_cv_func_strerror=yes
ac_cv_func_strftime=yes
ac_cv_func_strrchr=yes
ac_cv_func_tzset=yes
ac_cv_func_vprintf=yes
ac_cv_func_working_mktime=no
ac_cv_header_dlfcn_h=yes
ac_cv_header_inttypes_h=yes
ac_cv_header_malloc_h=no
ac_cv_header_memory_h=yes
ac_cv_header_stdbool_h=yes
ac_cv_header_stdc=yes
ac_cv_header_stdint_h=yes
ac_cv_header_stdlib_h=yes
ac_cv_header_string_h=yes
ac_cv_header_strings_h=yes
ac_cv_header_sys_stat_h=yes
ac_cv_header_sys_time_h=yes
ac_cv_header_sys_types_h=yes
ac_cv_header_time=yes
ac_cv_header_unistd_h=yes
ac_cv_host=x86_64-apple-darwin15.0.0
ac_cv_lib_curses_tgetent=yes
ac_cv_objext=o
ac_cv_path_CPPUNIT_CONFIG=/usr/local/bin/cppunit-config
ac_cv_path_EGREP='/usr/bin/grep -E'
ac_cv_path_FGREP='/usr/bin/grep -F'
ac_cv_path_GREP=/usr/bin/grep
ac_cv_path_SED=/usr/local/bin/sed
ac_cv_path_ac_pt_DX_PERL=/opt/local/bin/perl
ac_cv_path_install='/opt/local/bin/ginstall -c'
ac_cv_path_lt_DD=/bin/dd
ac_cv_path_mkdir=/opt/local/bin/gmkdir
ac_cv_prog_AWK=gawk
ac_cv_prog_CPP='gcc -E'
ac_cv_prog_CXXCPP='g++ -E'
ac_cv_prog_ac_ct_AR=ar
ac_cv_prog_ac_ct_CC=gcc
ac_cv_prog_ac_ct_CXX=g++
ac_cv_prog_ac_ct_DSYMUTIL=dsymutil
ac_cv_prog_ac_ct_LIPO=lipo
ac_cv_prog_ac_ct_NMEDIT=nmedit
ac_cv_prog_ac_ct_OTOOL=otool
ac_cv_prog_ac_ct_RANLIB=ranlib
ac_cv_prog_ac_ct_STRIP=strip
ac_cv_prog_cc_c89=
ac_cv_prog_cc_g=yes
ac_cv_prog_cxx_g=yes
ac_cv_prog_make_make_set=yes
ac_cv_struct_tm=time.h
ac_cv_type__Bool=yes
am_cv_CC_dependencies_compiler_type=gcc3
am_cv_CXX_dependencies_compiler_type=gcc3
am_cv_make_support_nested_variables=yes
am_cv_prog_cc_c_o=yes
lt_cv_apple_cc_single_mod=yes
lt_cv_ar_at_file=no
lt_cv_deplibs_check_method=pass_all
lt_cv_file_magic_cmd='$MAGIC_CMD'
lt_cv_file_magic_test_file=
lt_cv_ld_exported_symbols_list=yes
lt_cv_ld_force_load=yes
lt_cv_ld_reload_flag=-r
lt_cv_nm_interface='BSD nm'
lt_cv_objdir=.libs
lt_cv_path_LD=/opt/local/bin/ld
lt_cv_path_LDCXX=/opt/local/bin/ld
lt_cv_path_NM='/usr/bin/nm -B'
lt_cv_path_mainfest_tool=no
lt_cv_prog_compiler_c_o=yes
lt_cv_prog_compiler_c_o_CXX=yes
lt_cv_prog_compiler_pic='-fno-common -DPIC'
lt_cv_prog_compiler_pic_CXX='-fno-common -DPIC'
lt_cv_prog_compiler_pic_works=yes
lt_cv_prog_compiler_pic_works_CXX=yes
lt_cv_prog_compiler_rtti_exceptions=no
lt_cv_prog_compiler_static_works=no
lt_cv_prog_compiler_static_works_CXX=no
lt_cv_prog_gnu_ld=no
lt_cv_prog_gnu_ldcxx=no
lt_cv_sharedlib_from_linklib_cmd='printf %s\n'
lt_cv_sys_global_symbol_pipe='sed -n -e '\''s/^.*[	 ]\([BCDEGRST][BCDEGRST]*\)[	 ][	 ]*_\([_A-Za-z][_A-Za-z0-9]*\)$/\1 _\2 \2/p'\'' | sed '\''/ __gnu_lto/d'\'''
lt_cv_sys_global_symbol_to_c_name_address='sed -n -e '\''s/^: \(.*\) .*$/  {"\1", (void *) 0},/p'\'' -e '\''s/^[BCDEGRST][BCDEGRST]* .* \(.*\)$/  {"\1", (void *) \&\1},/p'\'''
lt_cv_sys_global_symbol_to_c_name_address_lib_prefix='sed -n -e '\''s/^: \(.*\) .*$/  {"\1", (void *) 0},/p'\'' -e '\''s/^[BCDEGRST][BCDEGRST]* .* \(lib.*\)$/  {"\1", (void *) \&\1},/p'\'' -e '\''s/^[BCDEGRST][BCDEGRST]* .* \(.*\)$/  {"lib\1", (void *) \&\1},/p'\'''
lt_cv_sys_global_symbol_to_cdecl='sed -n -e '\''s/^T .* \(.*\)$/extern int \1();/p'\'' -e '\''s/^[BCDEGRST][BCDEGRST]* .* \(.*\)$/extern char \1;/p'\'''
lt_cv_sys_global_symbol_to_import=
lt_cv_sys_max_cmd_len=196608
lt_cv_to_host_file_cmd=func_convert_file_noop
lt_cv_to_tool_file_cmd=func_convert_file_noop
lt_cv_truncate_bin='/bin/dd bs=4096 count=1'

## ----------------- ##
## Output variables. ##
## ----------------- ##

ACLOCAL='${SHELL} /Users/devendrashelar7/workspace/electricDistributionSystems/gridlabd/missing aclocal-1.15'
AMDEPBACKSLASH='\'
AMDEP_FALSE='#'
AMDEP_TRUE=''
AMTAR='$${TAR-tar}'
AM_BACKSLASH='\'
AM_DEFAULT_V='$(AM_DEFAULT_VERBOSITY)'
AM_DEFAULT_VERBOSITY='1'
AM_V='$(V)'
AR='ar'
AS=''
AUTOCONF='${SHELL} /Users/devendrashelar7/workspace/electricDistributionSystems/gridlabd/missing autoconf'
AUTOHEADER='${SHELL} /Users/devendrashelar7/workspace/electricDistributionSystems/gridlabd/missing autoheader'
AUTOMAKE='${SHELL} /Users/devendrashelar7/workspace/electricDistributionSystems/gridlabd/missing automake-1.15'
AWK='gawk'
CC='gcc'
CCDEPMODE='depmode=gcc3'
CFLAGS=''
CPP='gcc -E'
CPPFLAGS='  -I/Users/devendrashelar7/workspace/electricDistributionSystems/gridlabd/core -g -O0  -D_NO_CPPUNIT'
CPPUNIT_CFLAGS='-I/usr/local/include'
CPPUNIT_CONFIG='/usr/local/bin/cppunit-config'
CPPUNIT_LIBS='-L/usr/local/lib -lcppunit -ldl'
CXX='g++'
CXXCPP='g++ -E'
CXXDEPMODE='depmode=gcc3'
CXXFLAGS='  -I/Users/devendrashelar7/workspace/electricDistributionSystems/gridlabd/core -g -O0 '
CYGPATH_W='echo'
DEFS='-DHAVE_CONFIG_H'
DEPDIR='.deps'
DLLTOOL='false'
DOXYGEN_PAPER_SIZE=''
DSYMUTIL='dsymutil'
DUMPBIN=''
DX_COND_chi_FALSE=''
DX_COND_chi_TRUE='#'
DX_COND_chm_FALSE=''
DX_COND_chm_TRUE='#'
DX_COND_doc_FALSE=''
DX_COND_doc_TRUE='#'
DX_COND_dot_FALSE=''
DX_COND_dot_TRUE='#'
DX_COND_html_FALSE=''
DX_COND_html_TRUE='#'
DX_COND_latex_FALSE=''
DX_COND_latex_TRUE='#'
DX_COND_man_FALSE=''
DX_COND_man_TRUE='#'
DX_COND_pdf_FALSE=''
DX_COND_pdf_TRUE='#'
DX_COND_ps_FALSE=''
DX_COND_ps_TRUE='#'
DX_COND_rtf_FALSE=''
DX_COND_rtf_TRUE='#'
DX_COND_xml_FALSE=''
DX_COND_xml_TRUE='#'
DX_CONFIG='doxygen/gridlabd.conf'
DX_DOCDIR='doxygen-doc'
DX_DOT=''
DX_DOXYGEN=''
DX_DVIPS=''
DX_EGREP=''
DX_ENV=' SRCDIR='\''.'\'' PROJECT='\''gridlabd'\'' DOCDIR='\''doxygen-doc'\'' VERSION='\''2.3.0.4392M'\'' HAVE_DOT='\''NO'\'' GENERATE_MAN='\''NO'\'' GENERATE_RTF='\''NO'\'' GENERATE_XML='\''NO'\'' GENERATE_HTMLHELP='\''NO'\'' GENERATE_CHI='\''NO'\'' GENERATE_HTML='\''NO'\'' GENERATE_LATEX='\''NO'\'''
DX_FLAG_chi='0'
DX_FLAG_chm='0'
DX_FLAG_doc='0'
DX_FLAG_dot='0'
DX_FLAG_html='0'
DX_FLAG_man='0'
DX_FLAG_pdf='0'
DX_FLAG_ps='0'
DX_FLAG_rtf='0'
DX_FLAG_xml='0'
DX_HHC=''
DX_LATEX=''
DX_MAKEINDEX=''
DX_PDFLATEX=''
DX_PERL='/opt/local/bin/perl'
DX_PROJECT='gridlabd'
ECHO_C='\c'
ECHO_N=''
ECHO_T=''
EGREP='/usr/bin/grep -E'
EXEEXT=''
FGREP='/usr/bin/grep -F'
GREP='/usr/bin/grep'
HAVE_XERCES='yes'
INSTALL_DATA='${INSTALL} -m 644'
INSTALL_PROGRAM='${INSTALL}'
INSTALL_SCRIPT='${INSTALL}'
INSTALL_STRIP_PROGRAM='$(install_sh) -c -s'
LD='/opt/local/bin/ld'
LDFLAGS=''
LIBEXT='.so'
LIBOBJS=' ${LIBOBJDIR}mktime$U.o'
LIBS='-lcurses '
LIBTOOL='$(SHELL) $(top_builddir)/libtool'
LIPO='lipo'
LN_S='ln -s'
LTLIBOBJS=' ${LIBOBJDIR}mktime$U.lo'
LT_SYS_LIBRARY_PATH=''
MAKEINFO='${SHELL} /Users/devendrashelar7/workspace/electricDistributionSystems/gridlabd/missing makeinfo'
MANIFEST_TOOL=':'
MISSING_XERCES_FALSE=''
MISSING_XERCES_TRUE='#'
MKDIR_P='/opt/local/bin/gmkdir -p'
NM='/usr/bin/nm -B'
NMEDIT='nmedit'
OBJDUMP='false'
OBJEXT='o'
OTOOL64=':'
OTOOL='otool'
PACKAGE='gridlabd'
PACKAGE_BASEVERSION='2.3.0'
PACKAGE_BRANCH='Grizzly'
PACKAGE_BUGREPORT='David Chassin <david.chassin@pnl.gov>'
PACKAGE_NAME='Gridlab-D'
PACKAGE_REVISION='4392M'
PACKAGE_STRING='Gridlab-D 2.3.0.4392M'
PACKAGE_TARNAME='gridlabd'
PACKAGE_URL=''
PACKAGE_VERSION='2.3.0.4392M'
PATH_SEPARATOR=':'
PTHREAD_CC='gcc'
PTHREAD_CFLAGS='-D_THREAD_SAFE -D_THREAD_SAFE '
PTHREAD_LIBS=''
RANLIB='ranlib'
SED='/usr/local/bin/sed'
SET_MAKE=''
SHELL='/bin/sh'
STRIP='strip'
VERSION='2.3.0.4392M'
XERCES_CPPFLAGS='-I/usr/local/include -I/usr/local/include/xercesc'
XERCES_LDFLAGS='-L/usr/local/lib '
XERCES_LIBS='-lxerces-c '
XERCES_VERSION='3.1.1'
ac_ct_AR='ar'
ac_ct_CC='gcc'
ac_ct_CXX='g++'
ac_ct_DUMPBIN=''
acx_pthread_config=''
am__EXEEXT_FALSE=''
am__EXEEXT_TRUE='#'
am__fastdepCC_FALSE='#'
am__fastdepCC_TRUE=''
am__fastdepCXX_FALSE='#'
am__fastdepCXX_TRUE=''
am__include='include'
am__isrc=''
am__leading_dot='.'
am__nodep='_no'
am__quote=''
am__tar='$${TAR-tar} chof - "$$tardir"'
am__untar='$${TAR-tar} xf -'
bindir='${exec_prefix}/bin'
build='x86_64-apple-darwin15.0.0'
build_alias=''
build_cpu='x86_64'
build_os='darwin15.0.0'
build_vendor='apple'
datadir='${datarootdir}'
datarootdir='${prefix}/share'
docdir='${datarootdir}/doc/${PACKAGE_TARNAME}'
dvidir='${docdir}'
exec_prefix='${prefix}'
host='x86_64-apple-darwin15.0.0'
host_alias=''
host_cpu='x86_64'
host_os='darwin15.0.0'
host_vendor='apple'
htmldir='${docdir}'
includedir='${prefix}/include'
infodir='${datarootdir}/info'
install_sh='${SHELL} /Users/devendrashelar7/workspace/electricDistributionSystems/gridlabd/install-sh'
libdir='${exec_prefix}/lib'
libexecdir='${exec_prefix}/libexec'
localedir='${datarootdir}/locale'
localstatedir='${prefix}/var'
mandir='${datarootdir}/man'
mkdir_p='$(MKDIR_P)'
oldincludedir='/usr/include'
pdfdir='${docdir}'
prefix='/usr'
program_transform_name='s,x,x,'
psdir='${docdir}'
sbindir='${exec_prefix}/sbin'
sharedstatedir='${prefix}/com'
sysconfdir='${prefix}/etc'
target_alias=''

## ----------- ##
## confdefs.h. ##
## ----------- ##

/* confdefs.h */
#define PACKAGE_NAME "Gridlab-D"
#define PACKAGE_TARNAME "gridlabd"
#define PACKAGE_VERSION "2.3.0.4392M"
#define PACKAGE_STRING "Gridlab-D 2.3.0.4392M"
#define PACKAGE_BUGREPORT "David Chassin <david.chassin@pnl.gov>"
#define PACKAGE_URL ""
#define PACKAGE "gridlabd"
#define VERSION "2.3.0.4392M"
#define REALTIME_LDFLAGS "-bundle"
#define DLEXT ".so"
#define STDC_HEADERS 1
#define HAVE_SYS_TYPES_H 1
#define HAVE_SYS_STAT_H 1
#define HAVE_STDLIB_H 1
#define HAVE_STRING_H 1
#define HAVE_MEMORY_H 1
#define HAVE_STRINGS_H 1
#define HAVE_INTTYPES_H 1
#define HAVE_STDINT_H 1
#define HAVE_UNISTD_H 1
#define HAVE_DLFCN_H 1
#define LT_OBJDIR ".libs/"
#define HAVE_PTHREAD 1
#define HAVE___SYNC_BOOL_COMPARE_AND_SWAP 1
#define HAVE___SYNC_ADD_AND_FETCH 1
#define STDC_HEADERS 1
#define HAVE_MEMORY_H 1
#define HAVE_STDLIB_H 1
#define HAVE_STRING_H 1
#define HAVE_UNISTD_H 1
#define HAVE__BOOL 1
#define HAVE_STDBOOL_H 1
#define HAVE_STDLIB_H 1
#define HAVE_MALLOC 1
#define TIME_WITH_SYS_TIME 1
#define HAVE_SYS_TIME_H 1
#define HAVE_UNISTD_H 1
#define HAVE_ALARM 1
#define HAVE_STDLIB_H 1
#define HAVE_REALLOC 1
#define HAVE_STRFTIME 1
#define HAVE_VPRINTF 1
#define HAVE_ATEXIT 1
#define HAVE_GETCWD 1
#define HAVE_MEMSET 1
#define HAVE_POW 1
#define HAVE_PUTENV 1
#define HAVE_SQRT 1
#define HAVE_STRCHR 1
#define HAVE_STRERROR 1
#define HAVE_STRRCHR 1
#define HAVE_TZSET 1
#define HAVE_LIBCURSES 1
#define HAVE_PTHREAD 1

configure: exit 0

## ---------------------- ##
## Running config.status. ##
## ---------------------- ##

This file was extended by Gridlab-D config.status 2.3.0.4392M, which was
generated by GNU Autoconf 2.69.  Invocation command line was

  CONFIG_FILES    = 
  CONFIG_HEADERS  = 
  CONFIG_LINKS    = 
  CONFIG_COMMANDS = 
  $ ./config.status core/Makefile depfiles

on ShelarKaCompu

config.status:1265: creating core/Makefile
config.status:1494: executing depfiles commands

## ---------------------- ##
## Running config.status. ##
## ---------------------- ##

This file was extended by Gridlab-D config.status 2.3.0.4392M, which was
generated by GNU Autoconf 2.69.  Invocation command line was

  CONFIG_FILES    = 
  CONFIG_HEADERS  = 
  CONFIG_LINKS    = 
  CONFIG_COMMANDS = 
  $ ./config.status core/Makefile depfiles

on ShelarKaCompu

config.status:1265: creating core/Makefile
config.status:1494: executing depfiles commands

## ---------------------- ##
## Running config.status. ##
## ---------------------- ##

This file was extended by Gridlab-D config.status 2.3.0.4392M, which was
generated by GNU Autoconf 2.69.  Invocation command line was

  CONFIG_FILES    = 
  CONFIG_HEADERS  = 
  CONFIG_LINKS    = 
  CONFIG_COMMANDS = 
  $ ./config.status core/Makefile depfiles

on ShelarKaCompu

config.status:1265: creating core/Makefile
config.status:1494: executing depfiles commands

## ---------------------- ##
## Running config.status. ##
## ---------------------- ##

This file was extended by Gridlab-D config.status 2.3.0.4392M, which was
generated by GNU Autoconf 2.69.  Invocation command line was

  CONFIG_FILES    = 
  CONFIG_HEADERS  = 
  CONFIG_LINKS    = 
  CONFIG_COMMANDS = 
  $ ./config.status core/Makefile depfiles

on ShelarKaCompu

config.status:1265: creating core/Makefile
config.status:1494: executing depfiles commands

## ---------------------- ##
## Running config.status. ##
## ---------------------- ##

This file was extended by Gridlab-D config.status 2.3.0.4392M, which was
generated by GNU Autoconf 2.69.  Invocation command line was

  CONFIG_FILES    = 
  CONFIG_HEADERS  = 
  CONFIG_LINKS    = 
  CONFIG_COMMANDS = 
  $ ./config.status core/Makefile depfiles

on ShelarKaCompu

config.status:1265: creating core/Makefile
config.status:1494: executing depfiles commands

## ---------------------- ##
## Running config.status. ##
## ---------------------- ##

This file was extended by Gridlab-D config.status 2.3.0.4392M, which was
generated by GNU Autoconf 2.69.  Invocation command line was

  CONFIG_FILES    = 
  CONFIG_HEADERS  = 
  CONFIG_LINKS    = 
  CONFIG_COMMANDS = 
  $ ./config.status core/Makefile depfiles

on ShelarKaCompu

config.status:1265: creating core/Makefile
config.status:1494: executing depfiles commands

## ---------------------- ##
## Running config.status. ##
## ---------------------- ##

This file was extended by Gridlab-D config.status 2.3.0.4392M, which was
generated by GNU Autoconf 2.69.  Invocation command line was

  CONFIG_FILES    = 
  CONFIG_HEADERS  = 
  CONFIG_LINKS    = 
  CONFIG_COMMANDS = 
  $ ./config.status core/Makefile depfiles

on ShelarKaCompu

config.status:1265: creating core/Makefile
config.status:1494: executing depfiles commands

## ---------------------- ##
## Running config.status. ##
## ---------------------- ##

This file was extended by Gridlab-D config.status 2.3.0.4392M, which was
generated by GNU Autoconf 2.69.  Invocation command line was

  CONFIG_FILES    = 
  CONFIG_HEADERS  = 
  CONFIG_LINKS    = 
  CONFIG_COMMANDS = 
  $ ./config.status core/Makefile depfiles

on ShelarKaCompu

config.status:1265: creating core/Makefile
config.status:1494: executing depfiles commands

## ---------------------- ##
## Running config.status. ##
## ---------------------- ##

This file was extended by Gridlab-D config.status 2.3.0.4392M, which was
generated by GNU Autoconf 2.69.  Invocation command line was

  CONFIG_FILES    = 
  CONFIG_HEADERS  = 
  CONFIG_LINKS    = 
  CONFIG_COMMANDS = 
  $ ./config.status core/Makefile depfiles

on ShelarKaCompu

config.status:1265: creating core/Makefile
config.status:1494: executing depfiles commands

## ---------------------- ##
## Running config.status. ##
## ---------------------- ##

This file was extended by Gridlab-D config.status 2.3.0.4392M, which was
generated by GNU Autoconf 2.69.  Invocation command line was

  CONFIG_FILES    = 
  CONFIG_HEADERS  = 
  CONFIG_LINKS    = 
  CONFIG_COMMANDS = 
  $ ./config.status core/Makefile depfiles

on ShelarKaCompu

config.status:1265: creating core/Makefile
config.status:1494: executing depfiles commands

## ---------------------- ##
## Running config.status. ##
## ---------------------- ##

This file was extended by Gridlab-D config.status 2.3.0.4392M, which was
generated by GNU Autoconf 2.69.  Invocation command line was

  CONFIG_FILES    = 
  CONFIG_HEADERS  = 
  CONFIG_LINKS    = 
  CONFIG_COMMANDS = 
  $ ./config.status core/Makefile depfiles

on ShelarKaCompu

config.status:1265: creating core/Makefile
config.status:1494: executing depfiles commands

## ---------------------- ##
## Running config.status. ##
## ---------------------- ##

This file was extended by Gridlab-D config.status 2.3.0.4392M, which was
generated by GNU Autoconf 2.69.  Invocation command line was

  CONFIG_FILES    = 
  CONFIG_HEADERS  = 
  CONFIG_LINKS    = 
  CONFIG_COMMANDS = 
  $ ./config.status core/Makefile depfiles

on ShelarKaCompu

config.status:1265: creating core/Makefile
config.status:1494: executing depfiles commands

## ---------------------- ##
## Running config.status. ##
## ---------------------- ##

This file was extended by Gridlab-D config.status 2.3.0.4392M, which was
generated by GNU Autoconf 2.69.  Invocation command line was

  CONFIG_FILES    = 
  CONFIG_HEADERS  = 
  CONFIG_LINKS    = 
  CONFIG_COMMANDS = 
  $ ./config.status core/Makefile depfiles

on ShelarKaCompu

config.status:1265: creating core/Makefile
config.status:1494: executing depfiles commands

## ---------------------- ##
## Running config.status. ##
## ---------------------- ##

This file was extended by Gridlab-D config.status 2.3.0.4392M, which was
generated by GNU Autoconf 2.69.  Invocation command line was

  CONFIG_FILES    = 
  CONFIG_HEADERS  = 
  CONFIG_LINKS    = 
  CONFIG_COMMANDS = 
  $ ./config.status core/Makefile depfiles

on ShelarKaCompu

config.status:1265: creating core/Makefile
config.status:1494: executing depfiles commands

## ---------------------- ##
## Running config.status. ##
## ---------------------- ##

This file was extended by Gridlab-D config.status 2.3.0.4392M, which was
generated by GNU Autoconf 2.69.  Invocation command line was

  CONFIG_FILES    = 
  CONFIG_HEADERS  = 
  CONFIG_LINKS    = 
  CONFIG_COMMANDS = 
  $ ./config.status core/Makefile depfiles

on ShelarKaCompu

config.status:1265: creating core/Makefile
config.status:1494: executing depfiles commands

## ---------------------- ##
## Running config.status. ##
## ---------------------- ##

This file was extended by Gridlab-D config.status 2.3.0.4392M, which was
generated by GNU Autoconf 2.69.  Invocation command line was

  CONFIG_FILES    = 
  CONFIG_HEADERS  = 
  CONFIG_LINKS    = 
  CONFIG_COMMANDS = 
  $ ./config.status core/Makefile depfiles

on ShelarKaCompu

config.status:1265: creating core/Makefile
config.status:1494: executing depfiles commands

## ---------------------- ##
## Running config.status. ##
## ---------------------- ##

This file was extended by Gridlab-D config.status 2.3.0.4392M, which was
generated by GNU Autoconf 2.69.  Invocation command line was

  CONFIG_FILES    = 
  CONFIG_HEADERS  = 
  CONFIG_LINKS    = 
  CONFIG_COMMANDS = 
  $ ./config.status core/Makefile depfiles

on ShelarKaCompu

config.status:1265: creating core/Makefile
config.status:1494: executing depfiles commands

## ---------------------- ##
## Running config.status. ##
## ---------------------- ##

This file was extended by Gridlab-D config.status 2.3.0.4392M, which was
generated by GNU Autoconf 2.69.  Invocation command line was

  CONFIG_FILES    = 
  CONFIG_HEADERS  = 
  CONFIG_LINKS    = 
  CONFIG_COMMANDS = 
  $ ./config.status core/Makefile depfiles

on ShelarKaCompu

config.status:1265: creating core/Makefile
config.status:1494: executing depfiles commands

## ---------------------- ##
## Running config.status. ##
## ---------------------- ##

This file was extended by Gridlab-D config.status 2.3.0.4392M, which was
generated by GNU Autoconf 2.69.  Invocation command line was

  CONFIG_FILES    = 
  CONFIG_HEADERS  = 
  CONFIG_LINKS    = 
  CONFIG_COMMANDS = 
  $ ./config.status core/Makefile depfiles

on ShelarKaCompu

config.status:1265: creating core/Makefile
config.status:1494: executing depfiles commands

## ---------------------- ##
## Running config.status. ##
## ---------------------- ##

This file was extended by Gridlab-D config.status 2.3.0.4392M, which was
generated by GNU Autoconf 2.69.  Invocation command line was

  CONFIG_FILES    = 
  CONFIG_HEADERS  = 
  CONFIG_LINKS    = 
  CONFIG_COMMANDS = 
  $ ./config.status core/Makefile depfiles

on ShelarKaCompu

config.status:1265: creating core/Makefile
config.status:1494: executing depfiles commands

## ---------------------- ##
## Running config.status. ##
## ---------------------- ##

This file was extended by Gridlab-D config.status 2.3.0.4392M, which was
generated by GNU Autoconf 2.69.  Invocation command line was

  CONFIG_FILES    = 
  CONFIG_HEADERS  = 
  CONFIG_LINKS    = 
  CONFIG_COMMANDS = 
  $ ./config.status core/Makefile depfiles

on ShelarKaCompu

config.status:1265: creating core/Makefile
config.status:1494: executing depfiles commands

## ---------------------- ##
## Running config.status. ##
## ---------------------- ##

This file was extended by Gridlab-D config.status 2.3.0.4392M, which was
generated by GNU Autoconf 2.69.  Invocation command line was

  CONFIG_FILES    = 
  CONFIG_HEADERS  = 
  CONFIG_LINKS    = 
  CONFIG_COMMANDS = 
  $ ./config.status core/Makefile depfiles

on ShelarKaCompu

config.status:1265: creating core/Makefile
config.status:1494: executing depfiles commands
